=== CASE ===
domain: numeric_markettrader
instance_file: pfile3.json
has_social_law: False
problem_name: market_trader_/home/ym/Documents/GitHub/up_social_laws_experimentation/experimentation/instances/numeric_markettrader/pfile3
verifier: general

=== SINGLE_AGENT camel0 SOLVED_SATISFICING ===
Domain parsed
Problem parsed
Grounding..
Grounding Time: 14
Aibr Preprocessing
UFX:false
|F|:4
|X|:4
|A|:18
|P|:0
|E|:0
H1 Setup Time (msec): 9
h(I):2.0
 g(n)= 1.0 h(n)=1.8
 g(n)= 2.0 h(n)=1.0
Problem Solved

Found Plan:
0.0: (buy_g0_m0)
1.0: (travel_m0_m2)
2.0: (sell_g0_m2)

Plan-Length:3
Metric (Search):3.0
Planning Time (msec): 22
Heuristic Time (msec): 8
Search Time (msec): 17
Expanded Nodes:4
States Evaluated:16
Number of Dead-Ends detected:1
Number of Duplicates detected:0

=== SINGLE_AGENT camel1 SOLVED_SATISFICING ===
Domain parsed
Problem parsed
Grounding..
Grounding Time: 17
Aibr Preprocessing
UFX:false
|F|:4
|X|:4
|A|:18
|P|:0
|E|:0
H1 Setup Time (msec): 6
h(I):2.0
 g(n)= 1.0 h(n)=1.8
 g(n)= 2.0 h(n)=1.0
Problem Solved

Found Plan:
0.0: (buy_g0_m0)
1.0: (travel_m0_m2)
2.0: (sell_g0_m2)

Plan-Length:3
Metric (Search):3.0
Planning Time (msec): 18
Heuristic Time (msec): 4
Search Time (msec): 14
Expanded Nodes:4
States Evaluated:16
Number of Dead-Ends detected:1
Number of Duplicates detected:0

=== ROBUSTNESS UNSOLVABLE_PROVEN ===
Domain parsed
Problem parsed
Grounding..
Grounding Time: 173
Aibr Preprocessing
UFX:false
|F|:62
|X|:15
|A|:141
|P|:0
|E|:0
H1 Setup Time (msec): 12
h(I):5.0
 g(n)= 1.0 h(n)=4.0
 g(n)= 5.0 h(n)=3.0
Problem unsolvable
Metric (Search):-1.0
Planning Time (msec): 435
Heuristic Time (msec): 330
Search Time (msec): 0
Expanded Nodes:1682
States Evaluated:2118
Number of Dead-Ends detected:148
Number of Duplicates detected:7590
