=== CASE ===
domain: numeric_markettrader
instance_file: pfile3.json
has_social_law: False
problem_name: market_trader_/home/ym/Documents/GitHub/up_social_laws_experimentation/experimentation/instances/numeric_markettrader/pfile3
verifier: general

=== SINGLE_AGENT camel0 SOLVED_SATISFICING ===
Domain parsed
Problem parsed
Grounding..
Grounding Time: 39
Aibr Preprocessing
UFX:false
|F|:4
|X|:4
|A|:18
|P|:0
|E|:0
H1 Setup Time (msec): 9
h(I):2.0
 g(n)= 1.0 h(n)=1.5
 g(n)= 2.0 h(n)=0.8
Problem Solved

Found Plan:
0.0: (buy_g0_m0)
1.0: (travel_m0_m2)
2.0: (sell_g0_m2)

Plan-Length:3
Metric (Search):3.0
Planning Time (msec): 24
Heuristic Time (msec): 9
Search Time (msec): 19
Expanded Nodes:4
States Evaluated:11
Number of Dead-Ends detected:1
Number of Duplicates detected:1

=== SINGLE_AGENT camel1 SOLVED_SATISFICING ===
Domain parsed
Problem parsed
Grounding..
Grounding Time: 16
Aibr Preprocessing
UFX:false
|F|:4
|X|:4
|A|:18
|P|:0
|E|:0
H1 Setup Time (msec): 12
h(I):2.0
 g(n)= 1.0 h(n)=1.5
 g(n)= 2.0 h(n)=0.8
Problem Solved

Found Plan:
0.0: (buy_g0_m0)
1.0: (travel_m0_m2)
2.0: (sell_g0_m2)

Plan-Length:3
Metric (Search):3.0
Planning Time (msec): 22
Heuristic Time (msec): 8
Search Time (msec): 19
Expanded Nodes:4
States Evaluated:11
Number of Dead-Ends detected:1
Number of Duplicates detected:1

=== ROBUSTNESS UNSOLVABLE_PROVEN ===
Domain parsed
Problem parsed
Grounding..
Grounding Time: 302
Aibr Preprocessing
Problem Detected as Unsolvable by AIBR during preprocessing
UFX:false
|F|:68
|X|:24
Unsolvable Problem
