This is pdfTeX, Version 3.141592653-2.6-1.40.25 (TeX Live 2023/Debian) (preloaded format=pdflatex 2026.3.30)  2 APR 2026 17:40
entering extended mode
 restricted \write18 enabled.
 %&-line parsing enabled.
**/home/ym/Documents/GitHub/up_social_laws_experimentation/main.tex
(/home/ym/Documents/GitHub/up_social_laws_experimentation/main.tex
LaTeX2e <2023-11-01> patch level 1
L3 programming layer <2024-01-22>
(/usr/share/texlive/texmf-dist/tex/latex/base/article.cls
Document Class: article 2023/05/17 v1.4n Standard LaTeX document class
(/usr/share/texlive/texmf-dist/tex/latex/base/size10.clo
File: size10.clo 2023/05/17 v1.4n Standard LaTeX file (size option)
)
\c@part=\count187
\c@section=\count188
\c@subsection=\count189
\c@subsubsection=\count190
\c@paragraph=\count191
\c@subparagraph=\count192
\c@figure=\count193
\c@table=\count194
\abovecaptionskip=\skip48
\belowcaptionskip=\skip49
\bibindent=\dimen140
)
(/usr/share/texlive/texmf-dist/tex/latex/graphics/graphicx.sty
Package: graphicx 2021/09/16 v1.2d Enhanced LaTeX Graphics (DPC,SPQR)

(/usr/share/texlive/texmf-dist/tex/latex/graphics/keyval.sty
Package: keyval 2022/05/29 v1.15 key=value parser (DPC)
\KV@toks@=\toks17
)
(/usr/share/texlive/texmf-dist/tex/latex/graphics/graphics.sty
Package: graphics 2022/03/10 v1.4e Standard LaTeX Graphics (DPC,SPQR)

(/usr/share/texlive/texmf-dist/tex/latex/graphics/trig.sty
Package: trig 2021/08/11 v1.11 sin cos tan (DPC)
)
(/usr/share/texlive/texmf-dist/tex/latex/graphics-cfg/graphics.cfg
File: graphics.cfg 2016/06/04 v1.11 sample graphics configuration
)
Package graphics Info: Driver file: pdftex.def on input line 107.

(/usr/share/texlive/texmf-dist/tex/latex/graphics-def/pdftex.def
File: pdftex.def 2022/09/22 v1.2b Graphics/color driver for pdftex
))
\Gin@req@height=\dimen141
\Gin@req@width=\dimen142
)
(/usr/share/texlive/texmf-dist/tex/latex/amsmath/amsmath.sty
Package: amsmath 2023/05/13 v2.17o AMS math features
\@mathmargin=\skip50

For additional information on amsmath, use the `?' option.
(/usr/share/texlive/texmf-dist/tex/latex/amsmath/amstext.sty
Package: amstext 2021/08/26 v2.01 AMS text

(/usr/share/texlive/texmf-dist/tex/latex/amsmath/amsgen.sty
File: amsgen.sty 1999/11/30 v2.0 generic functions
\@emptytoks=\toks18
\ex@=\dimen143
))
(/usr/share/texlive/texmf-dist/tex/latex/amsmath/amsbsy.sty
Package: amsbsy 1999/11/29 v1.2d Bold Symbols
\pmbraise@=\dimen144
)
(/usr/share/texlive/texmf-dist/tex/latex/amsmath/amsopn.sty
Package: amsopn 2022/04/08 v2.04 operator names
)
\inf@bad=\count195
LaTeX Info: Redefining \frac on input line 234.
\uproot@=\count196
\leftroot@=\count197
LaTeX Info: Redefining \overline on input line 399.
LaTeX Info: Redefining \colon on input line 410.
\classnum@=\count198
\DOTSCASE@=\count199
LaTeX Info: Redefining \ldots on input line 496.
LaTeX Info: Redefining \dots on input line 499.
LaTeX Info: Redefining \cdots on input line 620.
\Mathstrutbox@=\box51
\strutbox@=\box52
LaTeX Info: Redefining \big on input line 722.
LaTeX Info: Redefining \Big on input line 723.
LaTeX Info: Redefining \bigg on input line 724.
LaTeX Info: Redefining \Bigg on input line 725.
\big@size=\dimen145
LaTeX Font Info:    Redeclaring font encoding OML on input line 743.
LaTeX Font Info:    Redeclaring font encoding OMS on input line 744.
\macc@depth=\count266
LaTeX Info: Redefining \bmod on input line 905.
LaTeX Info: Redefining \pmod on input line 910.
LaTeX Info: Redefining \smash on input line 940.
LaTeX Info: Redefining \relbar on input line 970.
LaTeX Info: Redefining \Relbar on input line 971.
\c@MaxMatrixCols=\count267
\dotsspace@=\muskip16
\c@parentequation=\count268
\dspbrk@lvl=\count269
\tag@help=\toks19
\row@=\count270
\column@=\count271
\maxfields@=\count272
\andhelp@=\toks20
\eqnshift@=\dimen146
\alignsep@=\dimen147
\tagshift@=\dimen148
\tagwidth@=\dimen149
\totwidth@=\dimen150
\lineht@=\dimen151
\@envbody=\toks21
\multlinegap=\skip51
\multlinetaggap=\skip52
\mathdisplay@stack=\toks22
LaTeX Info: Redefining \[ on input line 2953.
LaTeX Info: Redefining \] on input line 2954.
)
(/usr/share/texlive/texmf-dist/tex/latex/amsfonts/amssymb.sty
Package: amssymb 2013/01/14 v3.01 AMS font symbols

(/usr/share/texlive/texmf-dist/tex/latex/amsfonts/amsfonts.sty
Package: amsfonts 2013/01/14 v3.01 Basic AMSFonts support
\symAMSa=\mathgroup4
\symAMSb=\mathgroup5
LaTeX Font Info:    Redeclaring math symbol \hbar on input line 98.
LaTeX Font Info:    Overwriting math alphabet `\mathfrak' in version `bold'
(Font)                  U/euf/m/n --> U/euf/b/n on input line 106.
))
(/usr/share/texlive/texmf-dist/tex/latex/amscls/amsthm.sty
Package: amsthm 2020/05/29 v2.20.6
\thm@style=\toks23
\thm@bodyfont=\toks24
\thm@headfont=\toks25
\thm@notefont=\toks26
\thm@headpunct=\toks27
\thm@preskip=\skip53
\thm@postskip=\skip54
\thm@headsep=\skip55
\dth@everypar=\toks28
)
(/usr/share/texlive/texmf-dist/tex/latex/booktabs/booktabs.sty
Package: booktabs 2020/01/12 v1.61803398 Publication quality tables
\heavyrulewidth=\dimen152
\lightrulewidth=\dimen153
\cmidrulewidth=\dimen154
\belowrulesep=\dimen155
\belowbottomsep=\dimen156
\aboverulesep=\dimen157
\abovetopsep=\dimen158
\cmidrulesep=\dimen159
\cmidrulekern=\dimen160
\defaultaddspace=\dimen161
\@cmidla=\count273
\@cmidlb=\count274
\@aboverulesep=\dimen162
\@belowrulesep=\dimen163
\@thisruleclass=\count275
\@lastruleclass=\count276
\@thisrulewidth=\dimen164
)
(/usr/share/texlive/texmf-dist/tex/latex/hyperref/hyperref.sty
Package: hyperref 2024-01-20 v7.01h Hypertext links for LaTeX

(/usr/share/texlive/texmf-dist/tex/generic/iftex/iftex.sty
Package: iftex 2022/02/03 v1.0f TeX engine tests
)
(/usr/share/texlive/texmf-dist/tex/latex/kvsetkeys/kvsetkeys.sty
Package: kvsetkeys 2022-10-05 v1.19 Key value parser (HO)
)
(/usr/share/texlive/texmf-dist/tex/generic/kvdefinekeys/kvdefinekeys.sty
Package: kvdefinekeys 2019-12-19 v1.6 Define keys (HO)
)
(/usr/share/texlive/texmf-dist/tex/generic/pdfescape/pdfescape.sty
Package: pdfescape 2019/12/09 v1.15 Implements pdfTeX's escape features (HO)

(/usr/share/texlive/texmf-dist/tex/generic/ltxcmds/ltxcmds.sty
Package: ltxcmds 2023-12-04 v1.26 LaTeX kernel commands for general use (HO)
)
(/usr/share/texlive/texmf-dist/tex/generic/pdftexcmds/pdftexcmds.sty
Package: pdftexcmds 2020-06-27 v0.33 Utility functions of pdfTeX for LuaTeX (HO
)

(/usr/share/texlive/texmf-dist/tex/generic/infwarerr/infwarerr.sty
Package: infwarerr 2019/12/03 v1.5 Providing info/warning/error messages (HO)
)
Package pdftexcmds Info: \pdf@primitive is available.
Package pdftexcmds Info: \pdf@ifprimitive is available.
Package pdftexcmds Info: \pdfdraftmode found.
))
(/usr/share/texlive/texmf-dist/tex/latex/hycolor/hycolor.sty
Package: hycolor 2020-01-27 v1.10 Color options for hyperref/bookmark (HO)
)
(/usr/share/texlive/texmf-dist/tex/latex/auxhook/auxhook.sty
Package: auxhook 2019-12-17 v1.6 Hooks for auxiliary files (HO)
)
(/usr/share/texlive/texmf-dist/tex/latex/hyperref/nameref.sty
Package: nameref 2023-11-26 v2.56 Cross-referencing by name of section

(/usr/share/texlive/texmf-dist/tex/latex/refcount/refcount.sty
Package: refcount 2019/12/15 v3.6 Data extraction from label references (HO)
)
(/usr/share/texlive/texmf-dist/tex/generic/gettitlestring/gettitlestring.sty
Package: gettitlestring 2019/12/15 v1.6 Cleanup title references (HO)

(/usr/share/texlive/texmf-dist/tex/latex/kvoptions/kvoptions.sty
Package: kvoptions 2022-06-15 v3.15 Key value format for package options (HO)
))
\c@section@level=\count277
)
(/usr/share/texlive/texmf-dist/tex/latex/etoolbox/etoolbox.sty
Package: etoolbox 2020/10/05 v2.5k e-TeX tools for LaTeX (JAW)
\etb@tempcnta=\count278
)
\@linkdim=\dimen165
\Hy@linkcounter=\count279
\Hy@pagecounter=\count280

(/usr/share/texlive/texmf-dist/tex/latex/hyperref/pd1enc.def
File: pd1enc.def 2024-01-20 v7.01h Hyperref: PDFDocEncoding definition (HO)
Now handling font encoding PD1 ...
... no UTF-8 mapping file for font encoding PD1
)
(/usr/share/texlive/texmf-dist/tex/generic/intcalc/intcalc.sty
Package: intcalc 2019/12/15 v1.3 Expandable calculations with integers (HO)
)
\Hy@SavedSpaceFactor=\count281

(/usr/share/texlive/texmf-dist/tex/latex/hyperref/puenc.def
File: puenc.def 2024-01-20 v7.01h Hyperref: PDF Unicode definition (HO)
Now handling font encoding PU ...
... no UTF-8 mapping file for font encoding PU
)
Package hyperref Info: Hyper figures OFF on input line 4179.
Package hyperref Info: Link nesting OFF on input line 4184.
Package hyperref Info: Hyper index ON on input line 4187.
Package hyperref Info: Plain pages OFF on input line 4194.
Package hyperref Info: Backreferencing OFF on input line 4199.
Package hyperref Info: Implicit mode ON; LaTeX internals redefined.
Package hyperref Info: Bookmarks ON on input line 4446.
\c@Hy@tempcnt=\count282

(/usr/share/texlive/texmf-dist/tex/latex/url/url.sty
\Urlmuskip=\muskip17
Package: url 2013/09/16  ver 3.4  Verb mode for urls, etc.
)
LaTeX Info: Redefining \url on input line 4784.
\XeTeXLinkMargin=\dimen166

(/usr/share/texlive/texmf-dist/tex/generic/bitset/bitset.sty
Package: bitset 2019/12/09 v1.3 Handle bit-vector datatype (HO)

(/usr/share/texlive/texmf-dist/tex/generic/bigintcalc/bigintcalc.sty
Package: bigintcalc 2019/12/15 v1.5 Expandable calculations on big integers (HO
)
))
\Fld@menulength=\count283
\Field@Width=\dimen167
\Fld@charsize=\dimen168
Package hyperref Info: Hyper figures OFF on input line 6063.
Package hyperref Info: Link nesting OFF on input line 6068.
Package hyperref Info: Hyper index ON on input line 6071.
Package hyperref Info: backreferencing OFF on input line 6078.
Package hyperref Info: Link coloring OFF on input line 6083.
Package hyperref Info: Link coloring with OCG OFF on input line 6088.
Package hyperref Info: PDF/A mode OFF on input line 6093.

(/usr/share/texlive/texmf-dist/tex/latex/base/atbegshi-ltx.sty
Package: atbegshi-ltx 2021/01/10 v1.0c Emulation of the original atbegshi
package with kernel methods
)
\Hy@abspage=\count284
\c@Item=\count285
\c@Hfootnote=\count286
)
Package hyperref Info: Driver (autodetected): hpdftex.

(/usr/share/texlive/texmf-dist/tex/latex/hyperref/hpdftex.def
File: hpdftex.def 2024-01-20 v7.01h Hyperref driver for pdfTeX

(/usr/share/texlive/texmf-dist/tex/latex/base/atveryend-ltx.sty
Package: atveryend-ltx 2020/08/19 v1.0a Emulation of the original atveryend pac
kage
with kernel methods
)
\Fld@listcount=\count287
\c@bookmark@seq@number=\count288

(/usr/share/texlive/texmf-dist/tex/latex/rerunfilecheck/rerunfilecheck.sty
Package: rerunfilecheck 2022-07-10 v1.10 Rerun checks for auxiliary files (HO)

(/usr/share/texlive/texmf-dist/tex/generic/uniquecounter/uniquecounter.sty
Package: uniquecounter 2019/12/15 v1.4 Provide unlimited unique counter (HO)
)
Package uniquecounter Info: New unique counter `rerunfilecheck' on input line 2
85.
)
\Hy@SectionHShift=\skip56
)
\c@definition=\count289
\c@theorem=\count290
\c@lemma=\count291

(/usr/share/texlive/texmf-dist/tex/latex/l3backend/l3backend-pdftex.def
File: l3backend-pdftex.def 2024-01-04 L3 backend support: PDF output (pdfTeX)
\l__color_backend_stack_int=\count292
\l__pdf_internal_box=\box53
)
(./main.aux)
\openout1 = `main.aux'.

LaTeX Font Info:    Checking defaults for OML/cmm/m/it on input line 30.
LaTeX Font Info:    ... okay on input line 30.
LaTeX Font Info:    Checking defaults for OMS/cmsy/m/n on input line 30.
LaTeX Font Info:    ... okay on input line 30.
LaTeX Font Info:    Checking defaults for OT1/cmr/m/n on input line 30.
LaTeX Font Info:    ... okay on input line 30.
LaTeX Font Info:    Checking defaults for T1/cmr/m/n on input line 30.
LaTeX Font Info:    ... okay on input line 30.
LaTeX Font Info:    Checking defaults for TS1/cmr/m/n on input line 30.
LaTeX Font Info:    ... okay on input line 30.
LaTeX Font Info:    Checking defaults for OMX/cmex/m/n on input line 30.
LaTeX Font Info:    ... okay on input line 30.
LaTeX Font Info:    Checking defaults for U/cmr/m/n on input line 30.
LaTeX Font Info:    ... okay on input line 30.
LaTeX Font Info:    Checking defaults for PD1/pdf/m/n on input line 30.
LaTeX Font Info:    ... okay on input line 30.
LaTeX Font Info:    Checking defaults for PU/pdf/m/n on input line 30.
LaTeX Font Info:    ... okay on input line 30.
 (/usr/share/texlive/texmf-dist/tex/context/base/mkii/supp-pdf.mkii
[Loading MPS to PDF converter (version 2006.09.02).]
\scratchcounter=\count293
\scratchdimen=\dimen169
\scratchbox=\box54
\nofMPsegments=\count294
\nofMParguments=\count295
\everyMPshowfont=\toks29
\MPscratchCnt=\count296
\MPscratchDim=\dimen170
\MPnumerator=\count297
\makeMPintoPDFobject=\count298
\everyMPtoPDFconversion=\toks30
) (/usr/share/texlive/texmf-dist/tex/latex/epstopdf-pkg/epstopdf-base.sty
Package: epstopdf-base 2020-01-24 v2.11 Base part for package epstopdf
Package epstopdf-base Info: Redefining graphics rule for `.eps' on input line 4
85.

(/usr/share/texlive/texmf-dist/tex/latex/latexconfig/epstopdf-sys.cfg
File: epstopdf-sys.cfg 2010/07/13 v1.3 Configuration of (r)epstopdf for TeX Liv
e
))
Package hyperref Info: Link coloring OFF on input line 30.

(./main.out) (./main.out)
\@outlinefile=\write3
\openout3 = `main.out'.

LaTeX Font Info:    Trying to load font information for U+msa on input line 33.


(/usr/share/texlive/texmf-dist/tex/latex/amsfonts/umsa.fd
File: umsa.fd 2013/01/14 v3.01 AMS symbols A
)
LaTeX Font Info:    Trying to load font information for U+msb on input line 33.


(/usr/share/texlive/texmf-dist/tex/latex/amsfonts/umsb.fd
File: umsb.fd 2013/01/14 v3.01 AMS symbols B
)
Overfull \hbox (9.36038pt too wide) in paragraph at lines 39--41
\OT1/cmr/m/n/9 worker fail-ures on \OT1/cmtt/m/n/9 intersection \OT1/cmr/m/n/9 
and in-ter-nal er-rors on \OT1/cmtt/m/n/9 numeric[]expedition\OT1/cmr/m/n/9 . 
 []

[1

{/var/lib/texmf/fonts/map/pdftex/updmap/pdftex.map}]
Overfull \hbox (1.24612pt too wide) in paragraph at lines 69--70
\OT1/cmr/m/n/10 tend MA-STRIPS to the \OT1/cmr/m/it/10 nu-meric re-stricted tas
k \OT1/cmr/m/n/10 (RT) for-mal-ism of Hoff-mann [[]].
 []

[2{/usr/share/texmf/fonts/enc/dvips/cm-super/cm-super-ts1.enc}] [3]
Overfull \hbox (3.75787pt too wide) in paragraph at lines 125--125
[]\OT1/cmr/bx/n/14.4 The Orig-i-nal Com-pi-la-tion (Karpas et al., 2017) 
 []


Overfull \hbox (97.6443pt too wide) detected at line 143
\OML/cmm/m/it/10 F[] \OT1/cmr/m/n/10 = []  \OMS/cmsy/m/n/10 [  []  [  []  [ f[]
[] j \OML/cmm/m/it/10 i \OMS/cmsy/m/n/10 2 \OT1/cmr/m/n/10 [\OML/cmm/m/it/10 n\
OT1/cmr/m/n/10 ]\OMS/cmsy/m/n/10 g  [  f[]\OML/cmm/m/it/10 ;  []\OMS/cmsy/m/n/1
0 g\OML/cmm/m/it/10 :
 []


Overfull \hbox (3.34795pt too wide) detected at line 178
[]
 []

[4]
Overfull \hbox (29.85355pt too wide) in paragraph at lines 207--208
\OT1/cmr/m/n/10 Given a MART $^^E = \OMS/cmsy/m/n/10 h\OML/cmm/m/it/10 P; V; s[
]; \OMS/cmsy/m/n/10 f\OML/cmm/m/it/10 A[]\OMS/cmsy/m/n/10 g[]\OML/cmm/m/it/10 ;
 \OMS/cmsy/m/n/10 f\OML/cmm/m/it/10 G[]\OMS/cmsy/m/n/10 g[]i$\OT1/cmr/m/n/10 , 
the com-piled task $[] = \OMS/cmsy/m/n/10 h[]\OML/cmm/m/it/10 ; []; []; []; []\
OMS/cmsy/m/n/10 i$
 []


Overfull \hbox (4.57813pt too wide) detected at line 224
[] \OT1/cmr/m/n/10 = \OMS/cmsy/m/n/10 f[]g [ f\OML/cmm/m/it/10 p[] \OMS/cmsy/m/
n/10 j \OML/cmm/m/it/10 p \OMS/cmsy/m/n/10 2 \OML/cmm/m/it/10 s[];  i \OMS/cmsy
/m/n/10 2 \OT1/cmr/m/n/10 [\OML/cmm/m/it/10 n\OT1/cmr/m/n/10 ] \OMS/cmsy/m/n/10
 [ f\OML/cmm/m/it/10 g\OMS/cmsy/m/n/10 gg\OML/cmm/m/it/10 ;  []\OT1/cmr/m/n/10 
[\OML/cmm/m/it/10 v[]\OT1/cmr/m/n/10 ] = \OML/cmm/m/it/10 s[]\OT1/cmr/m/n/10 [\
OML/cmm/m/it/10 v\OT1/cmr/m/n/10 ][]\OML/cmm/m/it/10 v \OMS/cmsy/m/n/10 2 \OML/
cmm/m/it/10 V;  i \OMS/cmsy/m/n/10 2 \OT1/cmr/m/n/10 [\OML/cmm/m/it/10 n\OT1/cm
r/m/n/10 ] \OMS/cmsy/m/n/10 [ f\OML/cmm/m/it/10 g\OMS/cmsy/m/n/10 g\OML/cmm/m/i
t/10 :
 []

[5]
Overfull \hbox (6.85954pt too wide) detected at line 267
[]
 []


Overfull \hbox (99.3326pt too wide) detected at line 277
[]
 []

[6]
Overfull \hbox (48.64037pt too wide) detected at line 314
[] \OT1/cmr/m/n/10 = \OMS/cmsy/m/n/10 f[]\OML/cmm/m/it/10 ;  [];  [];  [];  []\
OMS/cmsy/m/n/10 g [ f[]\OT1/cmr/m/n/10 (\OML/cmm/m/it/10 a\OT1/cmr/m/n/10 ) \OM
S/cmsy/m/n/10 j \OML/cmm/m/it/10 a \OMS/cmsy/m/n/10 2 [][] \OML/cmm/m/it/10 A[]
\OMS/cmsy/m/n/10 g [ f[][]\OML/cmm/m/it/10 ;  [][] \OMS/cmsy/m/n/10 j \OML/cmm/
m/it/10 i \OMS/cmsy/m/n/10 2 \OT1/cmr/m/n/10 [\OML/cmm/m/it/10 n\OT1/cmr/m/n/10
 ]\OMS/cmsy/m/n/10 g\OML/cmm/m/it/10 :
 []

[7] [8]
Overfull \hbox (47.17839pt too wide) in paragraph at lines 391--403
 [][] 
 []


Overfull \hbox (24.56136pt too wide) in paragraph at lines 418--428
\OT1/cmtt/m/n/10 numeric[]expedition\OT1/cmr/m/n/10 , \OT1/cmtt/m/n/10 numeric[
]grid\OT1/cmr/m/n/10 , \OT1/cmtt/m/n/10 numeric[]markettrader\OT1/cmr/m/n/10 , 
\OT1/cmtt/m/n/10 numeric[]zenotravel\OT1/cmr/m/n/10 ,
 []

[9]
Overfull \hbox (2.58513pt too wide) in paragraph at lines 431--432
\OT1/cmr/m/n/10 that the run ended with ei-ther a con-crete coun-terex-am-ple (
\OT1/cmtt/m/n/10 SOLVED[]SATISFICING\OT1/cmr/m/n/10 )
 []


Overfull \hbox (49.77197pt too wide) in paragraph at lines 438--454
 [][] 
 []


Overfull \hbox (43.14383pt too wide) in paragraph at lines 461--469
 [][] 
 []

<experimentation/runs/all_domains_tests/analysis/solved_under_time__overall_by_
verifier__excluding_numeric_civ_and_blocksworld__log_x.png, id=208, 794.97pt x 
505.89pt>
File: experimentation/runs/all_domains_tests/analysis/solved_under_time__overal
l_by_verifier__excluding_numeric_civ_and_blocksworld__log_x.png Graphic file (t
ype png)
<use experimentation/runs/all_domains_tests/analysis/solved_under_time__overall
_by_verifier__excluding_numeric_civ_and_blocksworld__log_x.png>
Package pdftex.def Info: experimentation/runs/all_domains_tests/analysis/solved
_under_time__overall_by_verifier__excluding_numeric_civ_and_blocksworld__log_x.
png  used on input line 475.
(pdftex.def)             Requested size: 282.90253pt x 180.02834pt.
<experimentation/runs/all_domains_tests/analysis/solved_under_time__general__wi
thout_sl__excluding_numeric_civ_and_blocksworld.png, id=211, 794.97pt x 505.89p
t>
File: experimentation/runs/all_domains_tests/analysis/solved_under_time__genera
l__without_sl__excluding_numeric_civ_and_blocksworld.png Graphic file (type png
)
<use experimentation/runs/all_domains_tests/analysis/solved_under_time__general
__without_sl__excluding_numeric_civ_and_blocksworld.png>
Package pdftex.def Info: experimentation/runs/all_domains_tests/analysis/solved
_under_time__general__without_sl__excluding_numeric_civ_and_blocksworld.png  us
ed on input line 486.
(pdftex.def)             Requested size: 165.59853pt x 105.37547pt.
<experimentation/runs/all_domains_tests/analysis/solved_under_time__general__wi
th_sl__excluding_numeric_civ_and_blocksworld.png, id=212, 794.97pt x 505.89pt>
File: experimentation/runs/all_domains_tests/analysis/solved_under_time__genera
l__with_sl__excluding_numeric_civ_and_blocksworld.png Graphic file (type png)
<use experimentation/runs/all_domains_tests/analysis/solved_under_time__general
__with_sl__excluding_numeric_civ_and_blocksworld.png>
Package pdftex.def Info: experimentation/runs/all_domains_tests/analysis/solved
_under_time__general__with_sl__excluding_numeric_civ_and_blocksworld.png  used 
on input line 490.
(pdftex.def)             Requested size: 165.59853pt x 105.37547pt.
<experimentation/runs/all_domains_tests/analysis/solved_under_time__simple__wit
hout_sl__excluding_numeric_civ_and_blocksworld.png, id=213, 794.97pt x 505.89pt
>
File: experimentation/runs/all_domains_tests/analysis/solved_under_time__simple
__without_sl__excluding_numeric_civ_and_blocksworld.png Graphic file (type png)

<use experimentation/runs/all_domains_tests/analysis/solved_under_time__simple_
_without_sl__excluding_numeric_civ_and_blocksworld.png>
Package pdftex.def Info: experimentation/runs/all_domains_tests/analysis/solved
_under_time__simple__without_sl__excluding_numeric_civ_and_blocksworld.png  use
d on input line 497.
(pdftex.def)             Requested size: 165.59853pt x 105.37547pt.
<experimentation/runs/all_domains_tests/analysis/solved_under_time__simple__wit
h_sl__excluding_numeric_civ_and_blocksworld.png, id=214, 794.97pt x 505.89pt>
File: experimentation/runs/all_domains_tests/analysis/solved_under_time__simple
__with_sl__excluding_numeric_civ_and_blocksworld.png Graphic file (type png)
<use experimentation/runs/all_domains_tests/analysis/solved_under_time__simple_
_with_sl__excluding_numeric_civ_and_blocksworld.png>
Package pdftex.def Info: experimentation/runs/all_domains_tests/analysis/solved
_under_time__simple__with_sl__excluding_numeric_civ_and_blocksworld.png  used o
n input line 501.
(pdftex.def)             Requested size: 165.59853pt x 105.37547pt.
[10] [11 <./experimentation/runs/all_domains_tests/analysis/solved_under_time__
overall_by_verifier__excluding_numeric_civ_and_blocksworld__log_x.png>]
Overfull \hbox (8.87105pt too wide) in paragraph at lines 522--523
\OT1/cmr/m/n/10 preservation er-ror in the orig-i-nal; (ii) the gen-er-al-iza-t
ion to ar-bi-trary instantaneous-
 []


Overfull \hbox (7.97205pt too wide) in paragraph at lines 524--525
\OT1/cmr/m/n/10 time, the run re-veals con-crete en-gi-neer-ing issues---especi
ally \OT1/cmtt/m/n/10 intersection \OT1/cmr/m/n/10 worker
 []

[12 <./experimentation/runs/all_domains_tests/analysis/solved_under_time__gener
al__without_sl__excluding_numeric_civ_and_blocksworld.png> <./experimentation/r
uns/all_domains_tests/analysis/solved_under_time__general__with_sl__excluding_n
umeric_civ_and_blocksworld.png> <./experimentation/runs/all_domains_tests/analy
sis/solved_under_time__simple__without_sl__excluding_numeric_civ_and_blocksworl
d.png> <./experimentation/runs/all_domains_tests/analysis/solved_under_time__si
mple__with_sl__excluding_numeric_civ_and_blocksworld.png>] [13] (./main.aux)
 ***********
LaTeX2e <2023-11-01> patch level 1
L3 programming layer <2024-01-22>
 ***********
Package rerunfilecheck Info: File `main.out' has not changed.
(rerunfilecheck)             Checksum: 70563C656C1FB030F8E01BFCB6D41F6F;3747.
 ) 
Here is how much of TeX's memory you used:
 9941 strings out of 476139
 153965 string characters out of 5794454
 1941975 words of memory out of 5000000
 31743 multiletter control sequences out of 15000+600000
 571124 words of font info for 85 fonts, out of 8000000 for 9000
 36 hyphenation exceptions out of 8191
 75i,14n,79p,842b,571s stack positions out of 10000i,1000n,20000p,200000b,200000s
</usr/share/texlive/texmf-dist/fonts/type1/public/amsfonts/cm/cmbx10.pfb></us
r/share/texlive/texmf-dist/fonts/type1/public/amsfonts/cm/cmbx12.pfb></usr/shar
e/texlive/texmf-dist/fonts/type1/public/amsfonts/cm/cmbx9.pfb></usr/share/texli
ve/texmf-dist/fonts/type1/public/amsfonts/cm/cmex10.pfb></usr/share/texlive/tex
mf-dist/fonts/type1/public/amsfonts/cm/cmmi10.pfb></usr/share/texlive/texmf-dis
t/fonts/type1/public/amsfonts/cm/cmmi5.pfb></usr/share/texlive/texmf-dist/fonts
/type1/public/amsfonts/cm/cmmi6.pfb></usr/share/texlive/texmf-dist/fonts/type1/
public/amsfonts/cm/cmmi7.pfb></usr/share/texlive/texmf-dist/fonts/type1/public/
amsfonts/cm/cmmi9.pfb></usr/share/texlive/texmf-dist/fonts/type1/public/amsfont
s/cm/cmr10.pfb></usr/share/texlive/texmf-dist/fonts/type1/public/amsfonts/cm/cm
r12.pfb></usr/share/texlive/texmf-dist/fonts/type1/public/amsfonts/cm/cmr17.pfb
></usr/share/texlive/texmf-dist/fonts/type1/public/amsfonts/cm/cmr5.pfb></usr/s
hare/texlive/texmf-dist/fonts/type1/public/amsfonts/cm/cmr7.pfb></usr/share/tex
live/texmf-dist/fonts/type1/public/amsfonts/cm/cmr9.pfb></usr/share/texlive/tex
mf-dist/fonts/type1/public/amsfonts/cm/cmsy10.pfb></usr/share/texlive/texmf-dis
t/fonts/type1/public/amsfonts/cm/cmsy5.pfb></usr/share/texlive/texmf-dist/fonts
/type1/public/amsfonts/cm/cmsy7.pfb></usr/share/texlive/texmf-dist/fonts/type1/
public/amsfonts/cm/cmti10.pfb></usr/share/texlive/texmf-dist/fonts/type1/public
/amsfonts/cm/cmti7.pfb></usr/share/texlive/texmf-dist/fonts/type1/public/amsfon
ts/cm/cmti9.pfb></usr/share/texlive/texmf-dist/fonts/type1/public/amsfonts/cm/c
mtt10.pfb></usr/share/texlive/texmf-dist/fonts/type1/public/amsfonts/cm/cmtt9.p
fb></usr/share/texlive/texmf-dist/fonts/type1/public/amsfonts/symbols/msbm10.pf
b></usr/share/texmf/fonts/type1/public/cm-super/sfrm1000.pfb>
Output written on main.pdf (13 pages, 902341 bytes).
PDF statistics:
 372 PDF objects out of 1000 (max. 8388607)
 294 compressed objects within 3 object streams
 79 named destinations out of 1000 (max. 500000)
 210 words of extra memory for PDF output out of 10000 (max. 10000000)

