=== CASE ===
domain: numeric_zenotravel
instance_file: pfile1.json
has_social_law: False
problem_name: zenotravel_/home/ym/Documents/GitHub/up_social_laws_experimentation/experimentation/instances/numeric_zenotravel/pfile1
verifier: simple

=== CONVERSION ===
=== SNP CONVERSION ===
Converted problem: zenotravel_/home/ym/Documents/GitHub/up_social_laws_experimentation/experimentation/instances/numeric_zenotravel/pfile1_NUM_STRIPS

=== COMPILER OUTPUT ===
Warning, weird things with wt^phi happen
Warning, weird things with wt^phi happen
Warning, weird things with wt^phi happen
Warning, weird things with wt^phi happen
Warning, weird things with wt^phi happen
Warning, weird things with wt^phi happen
Warning, weird things with wt^phi happen
Warning, weird things with wt^phi happen
Warning, weird things with wt^phi happen
Warning, weird things with wt^phi happen
Warning, weird things with wt^phi happen
Warning, weird things with wt^phi happen
Warning, weird things with wt^phi happen
Warning, weird things with wt^phi happen
Warning, weird things with wt^phi happen
Warning, weird things with wt^phi happen
Warning, weird things with wt^phi happen
Warning, weird things with wt^phi happen
Warning, weird things with wt^phi happen
Warning, weird things with wt^phi happen
Warning, weird things with wt^phi happen
Warning, weird things with wt^phi happen
Warning, weird things with wt^phi happen
Warning, weird things with wt^phi happen
Warning, weird things with wt^phi happen
Warning, weird things with wt^phi happen
Warning, weird things with wt^phi happen
Warning, weird things with wt^phi happen
Warning, weird things with wt^phi happen
Warning, weird things with wt^phi happen
Warning, weird things with wt^phi happen
Warning, weird things with wt^phi happen
Warning, weird things with wt^phi happen
Warning, weird things with wt^phi happen
Warning, weird things with wt^phi happen
Warning, weird things with wt^phi happen
Warning, weird things with wt^phi happen
Warning, weird things with wt^phi happen
Warning, weird things with wt^phi happen
Warning, weird things with wt^phi happen
Warning, weird things with wt^phi happen
Warning, weird things with wt^phi happen
Warning, weird things with wt^phi happen
Warning, weird things with wt^phi happen
Warning, weird things with wt^phi happen
Warning, weird things with wt^phi happen
Warning, weird things with wt^phi happen
Warning, weird things with wt^phi happen
Warning, weird things with wt^phi happen
Warning, weird things with wt^phi happen
Warning, weird things with wt^phi happen
Warning, weird things with wt^phi happen
Warning, weird things with wt^phi happen
Warning, weird things with wt^phi happen
Warning, weird things with wt^phi happen
Warning, weird things with wt^phi happen
Warning, weird things with wt^phi happen
Warning, weird things with wt^phi happen
Warning, weird things with wt^phi happen
Warning, weird things with wt^phi happen
Warning, weird things with wt^phi happen
Warning, weird things with wt^phi happen
Warning, weird things with wt^phi happen
Warning, weird things with wt^phi happen
Warning, weird things with wt^phi happen
Warning, weird things with wt^phi happen
Warning, weird things with wt^phi happen
Warning, weird things with wt^phi happen
Warning, weird things with wt^phi happen
Warning, weird things with wt^phi happen
Warning, weird things with wt^phi happen
Warning, weird things with wt^phi happen
Warning, weird things with wt^phi happen
Warning, weird things with wt^phi happen
Warning, weird things with wt^phi happen
Warning, weird things with wt^phi happen
Warning, weird things with wt^phi happen
Warning, weird things with wt^phi happen
Warning, weird things with wt^phi happen
Warning, weird things with wt^phi happen
Warning, weird things with wt^phi happen
Warning, weird things with wt^phi happen
Warning, weird things with wt^phi happen
Warning, weird things with wt^phi happen
Warning, weird things with wt^phi happen
Warning, weird things with wt^phi happen
Warning, weird things with wt^phi happen
Warning, weird things with wt^phi happen
Warning, weird things with wt^phi happen
Warning, weird things with wt^phi happen
Warning, weird things with wt^phi happen
Warning, weird things with wt^phi happen
Warning, weird things with wt^phi happen
Warning, weird things with wt^phi happen
Warning, weird things with wt^phi happen
Warning, weird things with wt^phi happen
Warning, weird things with wt^phi happen
Warning, weird things with wt^phi happen
Warning, weird things with wt^phi happen
Warning, weird things with wt^phi happen
Warning, weird things with wt^phi happen
Warning, weird things with wt^phi happen
Warning, weird things with wt^phi happen
Warning, weird things with wt^phi happen
Warning, weird things with wt^phi happen
Warning, weird things with wt^phi happen
Warning, weird things with wt^phi happen
Warning, weird things with wt^phi happen
Warning, weird things with wt^phi happen
Warning, weird things with wt^phi happen
Warning, weird things with wt^phi happen
Warning, weird things with wt^phi happen
Warning, weird things with wt^phi happen
Warning, weird things with wt^phi happen
Warning, weird things with wt^phi happen
Warning, weird things with wt^phi happen
Warning, weird things with wt^phi happen
Warning, weird things with wt^phi happen
Warning, weird things with wt^phi happen
Warning, weird things with wt^phi happen
Warning, weird things with wt^phi happen
Warning, weird things with wt^phi happen
Warning, weird things with wt^phi happen
Warning, weird things with wt^phi happen
Warning, weird things with wt^phi happen
Warning, weird things with wt^phi happen
Warning, weird things with wt^phi happen
Warning, weird things with wt^phi happen
Warning, weird things with wt^phi happen
Warning, weird things with wt^phi happen
Warning, weird things with wt^phi happen
Warning, weird things with wt^phi happen
Warning, weird things with wt^phi happen
Warning, weird things with wt^phi happen
Warning, weird things with wt^phi happen
Warning, weird things with wt^phi happen
Warning, weird things with wt^phi happen
Warning, weird things with wt^phi happen
Warning, weird things with wt^phi happen
Warning, weird things with wt^phi happen
Warning, weird things with wt^phi happen
Warning, weird things with wt^phi happen
Warning, weird things with wt^phi happen
Warning, weird things with wt^phi happen
Warning, weird things with wt^phi happen
Warning, weird things with wt^phi happen
Warning, weird things with wt^phi happen
Warning, weird things with wt^phi happen
Warning, weird things with wt^phi happen
Warning, weird things with wt^phi happen
Warning, weird things with wt^phi happen
Warning, weird things with wt^phi happen
Warning, weird things with wt^phi happen
Warning, weird things with wt^phi happen
Warning, weird things with wt^phi happen
Warning, weird things with wt^phi happen
Warning, weird things with wt^phi happen
Warning, weird things with wt^phi happen
Warning, weird things with wt^phi happen
Warning, weird things with wt^phi happen
Warning, weird things with wt^phi happen
Warning, weird things with wt^phi happen
Warning, weird things with wt^phi happen
Warning, weird things with wt^phi happen
Warning, weird things with wt^phi happen
Warning, weird things with wt^phi happen
Warning, weird things with wt^phi happen
Warning, weird things with wt^phi happen
Warning, weird things with wt^phi happen
Warning, weird things with wt^phi happen
Warning, weird things with wt^phi happen
Warning, weird things with wt^phi happen
Warning, weird things with wt^phi happen
Warning, weird things with wt^phi happen
Warning, weird things with wt^phi happen
Warning, weird things with wt^phi happen
Warning, weird things with wt^phi happen
Warning, weird things with wt^phi happen
Warning, weird things with wt^phi happen
Warning, weird things with wt^phi happen
Warning, weird things with wt^phi happen
Warning, weird things with wt^phi happen
Warning, weird things with wt^phi happen
Warning, weird things with wt^phi happen
Warning, weird things with wt^phi happen
Warning, weird things with wt^phi happen
Warning, weird things with wt^phi happen
Warning, weird things with wt^phi happen
Warning, weird things with wt^phi happen
Warning, weird things with wt^phi happen
Warning, weird things with wt^phi happen
Warning, weird things with wt^phi happen
Warning, weird things with wt^phi happen
Warning, weird things with wt^phi happen
Warning, weird things with wt^phi happen
Warning, weird things with wt^phi happen
Warning, weird things with wt^phi happen
Warning, weird things with wt^phi happen
Warning, weird things with wt^phi happen
Warning, weird things with wt^phi happen
Warning, weird things with wt^phi happen
Warning, weird things with wt^phi happen
Warning, weird things with wt^phi happen
Warning, weird things with wt^phi happen
Warning, weird things with wt^phi happen
Warning, weird things with wt^phi happen
Warning, weird things with wt^phi happen
Warning, weird things with wt^phi happen
Warning, weird things with wt^phi happen
Warning, weird things with wt^phi happen
Warning, weird things with wt^phi happen
Warning, weird things with wt^phi happen
Warning, weird things with wt^phi happen
Warning, weird things with wt^phi happen
Warning, weird things with wt^phi happen
Warning, weird things with wt^phi happen
Warning, weird things with wt^phi happen
Warning, weird things with wt^phi happen
Warning, weird things with wt^phi happen
Warning, weird things with wt^phi happen
Warning, weird things with wt^phi happen
Warning, weird things with wt^phi happen
Warning, weird things with wt^phi happen
Warning, weird things with wt^phi happen
Warning, weird things with wt^phi happen
Warning, weird things with wt^phi happen
Warning, weird things with wt^phi happen
Warning, weird things with wt^phi happen
Warning, weird things with wt^phi happen
Warning, weird things with wt^phi happen
Warning, weird things with wt^phi happen
Warning, weird things with wt^phi happen
Warning, weird things with wt^phi happen
Warning, weird things with wt^phi happen
Warning, weird things with wt^phi happen
Warning, weird things with wt^phi happen
Warning, weird things with wt^phi happen
Warning, weird things with wt^phi happen
Warning, weird things with wt^phi happen
Warning, weird things with wt^phi happen
Warning, weird things with wt^phi happen
Warning, weird things with wt^phi happen
Warning, weird things with wt^phi happen
Warning, weird things with wt^phi happen
Warning, weird things with wt^phi happen
Warning, weird things with wt^phi happen
Warning, weird things with wt^phi happen
Warning, weird things with wt^phi happen
Warning, weird things with wt^phi happen
Warning, weird things with wt^phi happen
Warning, weird things with wt^phi happen
Warning, weird things with wt^phi happen
Warning, weird things with wt^phi happen
Warning, weird things with wt^phi happen
Warning, weird things with wt^phi happen
Warning, weird things with wt^phi happen
Warning, weird things with wt^phi happen
Warning, weird things with wt^phi happen
Warning, weird things with wt^phi happen
Warning, weird things with wt^phi happen
Warning, weird things with wt^phi happen
Warning, weird things with wt^phi happen
Warning, weird things with wt^phi happen
Warning, weird things with wt^phi happen
Warning, weird things with wt^phi happen
Warning, weird things with wt^phi happen
Warning, weird things with wt^phi happen
Warning, weird things with wt^phi happen
Warning, weird things with wt^phi happen
Warning, weird things with wt^phi happen
Warning, weird things with wt^phi happen
Warning, weird things with wt^phi happen
Warning, weird things with wt^phi happen
Warning, weird things with wt^phi happen
Warning, weird things with wt^phi happen
Warning, weird things with wt^phi happen
Warning, weird things with wt^phi happen
Warning, weird things with wt^phi happen
Warning, weird things with wt^phi happen
Warning, weird things with wt^phi happen
Warning, weird things with wt^phi happen
Warning, weird things with wt^phi happen
Warning, weird things with wt^phi happen
Warning, weird things with wt^phi happen
Warning, weird things with wt^phi happen
Warning, weird things with wt^phi happen
Warning, weird things with wt^phi happen
Warning, weird things with wt^phi happen
Warning, weird things with wt^phi happen
Warning, weird things with wt^phi happen
Warning, weird things with wt^phi happen
Warning, weird things with wt^phi happen
Warning, weird things with wt^phi happen
Warning, weird things with wt^phi happen
Warning, weird things with wt^phi happen
Warning, weird things with wt^phi happen
Warning, weird things with wt^phi happen
Warning, weird things with wt^phi happen
Warning, weird things with wt^phi happen
Warning, weird things with wt^phi happen
Warning, weird things with wt^phi happen
Warning, weird things with wt^phi happen
Warning, weird things with wt^phi happen
Warning, weird things with wt^phi happen
Warning, weird things with wt^phi happen
Warning, weird things with wt^phi happen
Warning, weird things with wt^phi happen
Warning, weird things with wt^phi happen
Warning, weird things with wt^phi happen
Warning, weird things with wt^phi happen
Warning, weird things with wt^phi happen
Warning, weird things with wt^phi happen
Warning, weird things with wt^phi happen
Warning, weird things with wt^phi happen
Warning, weird things with wt^phi happen
Warning, weird things with wt^phi happen
Warning, weird things with wt^phi happen
Warning, weird things with wt^phi happen
Warning, weird things with wt^phi happen
Warning, weird things with wt^phi happen
Warning, weird things with wt^phi happen
Warning, weird things with wt^phi happen
Warning, weird things with wt^phi happen
Warning, weird things with wt^phi happen
Warning, weird things with wt^phi happen
Warning, weird things with wt^phi happen
Warning, weird things with wt^phi happen
Warning, weird things with wt^phi happen
Warning, weird things with wt^phi happen
Warning, weird things with wt^phi happen
Warning, weird things with wt^phi happen
Warning, weird things with wt^phi happen
Warning, weird things with wt^phi happen
Warning, weird things with wt^phi happen
Warning, weird things with wt^phi happen
Warning, weird things with wt^phi happen
Warning, weird things with wt^phi happen
Warning, weird things with wt^phi happen
Warning, weird things with wt^phi happen
Warning, weird things with wt^phi happen
Warning, weird things with wt^phi happen
Warning, weird things with wt^phi happen
Warning, weird things with wt^phi happen
Warning, weird things with wt^phi happen
Warning, weird things with wt^phi happen
Warning, weird things with wt^phi happen
Warning, weird things with wt^phi happen
Warning, weird things with wt^phi happen
Warning, weird things with wt^phi happen
Warning, weird things with wt^phi happen
Warning, weird things with wt^phi happen
Warning, weird things with wt^phi happen
Warning, weird things with wt^phi happen
Warning, weird things with wt^phi happen
Warning, weird things with wt^phi happen
Warning, weird things with wt^phi happen
Warning, weird things with wt^phi happen
Warning, weird things with wt^phi happen
Warning, weird things with wt^phi happen
Warning, weird things with wt^phi happen
Warning, weird things with wt^phi happen
Warning, weird things with wt^phi happen
Warning, weird things with wt^phi happen
Warning, weird things with wt^phi happen
Warning, weird things with wt^phi happen
Warning, weird things with wt^phi happen
Warning, weird things with wt^phi happen
Warning, weird things with wt^phi happen
Warning, weird things with wt^phi happen
Warning, weird things with wt^phi happen
Warning, weird things with wt^phi happen
Warning, weird things with wt^phi happen
Warning, weird things with wt^phi happen
Warning, weird things with wt^phi happen
Warning, weird things with wt^phi happen
Warning, weird things with wt^phi happen
Warning, weird things with wt^phi happen
Warning, weird things with wt^phi happen
Warning, weird things with wt^phi happen
Warning, weird things with wt^phi happen
Warning, weird things with wt^phi happen
Warning, weird things with wt^phi happen
Warning, weird things with wt^phi happen
Warning, weird things with wt^phi happen
Warning, weird things with wt^phi happen
Warning, weird things with wt^phi happen
Warning, weird things with wt^phi happen
Warning, weird things with wt^phi happen
Warning, weird things with wt^phi happen
Warning, weird things with wt^phi happen
Warning, weird things with wt^phi happen
Warning, weird things with wt^phi happen
Warning, weird things with wt^phi happen
Warning, weird things with wt^phi happen
Warning, weird things with wt^phi happen
Warning, weird things with wt^phi happen
Warning, weird things with wt^phi happen
Warning, weird things with wt^phi happen
Warning, weird things with wt^phi happen
Warning, weird things with wt^phi happen
Warning, weird things with wt^phi happen
Warning, weird things with wt^phi happen
Warning, weird things with wt^phi happen
Warning, weird things with wt^phi happen
Warning, weird things with wt^phi happen
Warning, weird things with wt^phi happen
Warning, weird things with wt^phi happen
Warning, weird things with wt^phi happen
Warning, weird things with wt^phi happen
Warning, weird things with wt^phi happen
Warning, weird things with wt^phi happen
Warning, weird things with wt^phi happen
Warning, weird things with wt^phi happen
Warning, weird things with wt^phi happen
Warning, weird things with wt^phi happen
Warning, weird things with wt^phi happen
Warning, weird things with wt^phi happen
Warning, weird things with wt^phi happen
Warning, weird things with wt^phi happen
Warning, weird things with wt^phi happen
Warning, weird things with wt^phi happen
Warning, weird things with wt^phi happen
Warning, weird things with wt^phi happen
Warning, weird things with wt^phi happen
Warning, weird things with wt^phi happen
Warning, weird things with wt^phi happen
Warning, weird things with wt^phi happen
Warning, weird things with wt^phi happen
Warning, weird things with wt^phi happen
Warning, weird things with wt^phi happen
Warning, weird things with wt^phi happen
Warning, weird things with wt^phi happen
Warning, weird things with wt^phi happen
Warning, weird things with wt^phi happen
Warning, weird things with wt^phi happen
Warning, weird things with wt^phi happen
Warning, weird things with wt^phi happen
Warning, weird things with wt^phi happen
Warning, weird things with wt^phi happen
Warning, weird things with wt^phi happen
Warning, weird things with wt^phi happen
Warning, weird things with wt^phi happen
Warning, weird things with wt^phi happen
Warning, weird things with wt^phi happen
Warning, weird things with wt^phi happen
Warning, weird things with wt^phi happen
Warning, weird things with wt^phi happen
Warning, weird things with wt^phi happen
Warning, weird things with wt^phi happen
Warning, weird things with wt^phi happen
Warning, weird things with wt^phi happen
Warning, weird things with wt^phi happen
Warning, weird things with wt^phi happen
Warning, weird things with wt^phi happen
Warning, weird things with wt^phi happen
Warning, weird things with wt^phi happen
Warning, weird things with wt^phi happen
Warning, weird things with wt^phi happen
Warning, weird things with wt^phi happen
Warning, weird things with wt^phi happen
Warning, weird things with wt^phi happen
Warning, weird things with wt^phi happen
Warning, weird things with wt^phi happen
Warning, weird things with wt^phi happen
Warning, weird things with wt^phi happen
Warning, weird things with wt^phi happen
Warning, weird things with wt^phi happen
Warning, weird things with wt^phi happen
Warning, weird things with wt^phi happen
Warning, weird things with wt^phi happen
Warning, weird things with wt^phi happen
Warning, weird things with wt^phi happen
Warning, weird things with wt^phi happen
Warning, weird things with wt^phi happen
Warning, weird things with wt^phi happen
Warning, weird things with wt^phi happen
Warning, weird things with wt^phi happen
Warning, weird things with wt^phi happen
Warning, weird things with wt^phi happen
Warning, weird things with wt^phi happen
Warning, weird things with wt^phi happen
Warning, weird things with wt^phi happen
Warning, weird things with wt^phi happen
Warning, weird things with wt^phi happen
Warning, weird things with wt^phi happen
Warning, weird things with wt^phi happen
Warning, weird things with wt^phi happen
Warning, weird things with wt^phi happen
Warning, weird things with wt^phi happen
Warning, weird things with wt^phi happen
Warning, weird things with wt^phi happen
Warning, weird things with wt^phi happen
Warning, weird things with wt^phi happen
Warning, weird things with wt^phi happen
Warning, weird things with wt^phi happen
Warning, weird things with wt^phi happen
Warning, weird things with wt^phi happen
Warning, weird things with wt^phi happen
Warning, weird things with wt^phi happen
Warning, weird things with wt^phi happen
Warning, weird things with wt^phi happen
Warning, weird things with wt^phi happen
Warning, weird things with wt^phi happen
Warning, weird things with wt^phi happen
Warning, weird things with wt^phi happen
Warning, weird things with wt^phi happen
Warning, weird things with wt^phi happen
Warning, weird things with wt^phi happen
Warning, weird things with wt^phi happen
Warning, weird things with wt^phi happen
Warning, weird things with wt^phi happen
Warning, weird things with wt^phi happen
Warning, weird things with wt^phi happen
Warning, weird things with wt^phi happen
Warning, weird things with wt^phi happen
Warning, weird things with wt^phi happen
Warning, weird things with wt^phi happen
Warning, weird things with wt^phi happen
Warning, weird things with wt^phi happen
Warning, weird things with wt^phi happen
Warning, weird things with wt^phi happen
Warning, weird things with wt^phi happen
Warning, weird things with wt^phi happen
Warning, weird things with wt^phi happen
Warning, weird things with wt^phi happen
Warning, weird things with wt^phi happen
Warning, weird things with wt^phi happen
Warning, weird things with wt^phi happen
Warning, weird things with wt^phi happen
Warning, weird things with wt^phi happen
Warning, weird things with wt^phi happen
Warning, weird things with wt^phi happen
Warning, weird things with wt^phi happen
Warning, weird things with wt^phi happen
Warning, weird things with wt^phi happen
Warning, weird things with wt^phi happen
Warning, weird things with wt^phi happen
Warning, weird things with wt^phi happen
Warning, weird things with wt^phi happen
Warning, weird things with wt^phi happen
Warning, weird things with wt^phi happen
Warning, weird things with wt^phi happen
Warning, weird things with wt^phi happen
Warning, weird things with wt^phi happen
Warning, weird things with wt^phi happen
Warning, weird things with wt^phi happen
Warning, weird things with wt^phi happen
Warning, weird things with wt^phi happen
Warning, weird things with wt^phi happen
Warning, weird things with wt^phi happen
Warning, weird things with wt^phi happen
Warning, weird things with wt^phi happen
Warning, weird things with wt^phi happen
Warning, weird things with wt^phi happen
Warning, weird things with wt^phi happen
Warning, weird things with wt^phi happen
Warning, weird things with wt^phi happen
Warning, weird things with wt^phi happen
Warning, weird things with wt^phi happen
Warning, weird things with wt^phi happen
Warning, weird things with wt^phi happen
Warning, weird things with wt^phi happen
Warning, weird things with wt^phi happen
Warning, weird things with wt^phi happen
Warning, weird things with wt^phi happen
Warning, weird things with wt^phi happen
Warning, weird things with wt^phi happen
Warning, weird things with wt^phi happen
Warning, weird things with wt^phi happen
Warning, weird things with wt^phi happen
Warning, weird things with wt^phi happen
Warning, weird things with wt^phi happen
Warning, weird things with wt^phi happen
Warning, weird things with wt^phi happen
Warning, weird things with wt^phi happen
Warning, weird things with wt^phi happen
Warning, weird things with wt^phi happen
Warning, weird things with wt^phi happen
Warning, weird things with wt^phi happen
Warning, weird things with wt^phi happen
Warning, weird things with wt^phi happen
Warning, weird things with wt^phi happen
Warning, weird things with wt^phi happen
Warning, weird things with wt^phi happen
Warning, weird things with wt^phi happen
Warning, weird things with wt^phi happen
Warning, weird things with wt^phi happen
Warning, weird things with wt^phi happen
Warning, weird things with wt^phi happen
Warning, weird things with wt^phi happen
Warning, weird things with wt^phi happen
Warning, weird things with wt^phi happen
Warning, weird things with wt^phi happen
Warning, weird things with wt^phi happen
Warning, weird things with wt^phi happen
Warning, weird things with wt^phi happen
Warning, weird things with wt^phi happen
Warning, weird things with wt^phi happen
Warning, weird things with wt^phi happen
Warning, weird things with wt^phi happen
Warning, weird things with wt^phi happen
Warning, weird things with wt^phi happen
Warning, weird things with wt^phi happen
Warning, weird things with wt^phi happen
Warning, weird things with wt^phi happen
Warning, weird things with wt^phi happen
Warning, weird things with wt^phi happen
Warning, weird things with wt^phi happen
Warning, weird things with wt^phi happen
Warning, weird things with wt^phi happen
Warning, weird things with wt^phi happen
Warning, weird things with wt^phi happen
Warning, weird things with wt^phi happen
Warning, weird things with wt^phi happen
Warning, weird things with wt^phi happen
Warning, weird things with wt^phi happen
Warning, weird things with wt^phi happen
Warning, weird things with wt^phi happen
Warning, weird things with wt^phi happen
Warning, weird things with wt^phi happen
Warning, weird things with wt^phi happen
Warning, weird things with wt^phi happen
Warning, weird things with wt^phi happen
Warning, weird things with wt^phi happen
Warning, weird things with wt^phi happen
Warning, weird things with wt^phi happen
Warning, weird things with wt^phi happen
Warning, weird things with wt^phi happen
Warning, weird things with wt^phi happen
Warning, weird things with wt^phi happen
Warning, weird things with wt^phi happen
Warning, weird things with wt^phi happen
Warning, weird things with wt^phi happen
Warning, weird things with wt^phi happen
Warning, weird things with wt^phi happen
Warning, weird things with wt^phi happen
Warning, weird things with wt^phi happen
Warning, weird things with wt^phi happen
Warning, weird things with wt^phi happen
Warning, weird things with wt^phi happen
Warning, weird things with wt^phi happen
Warning, weird things with wt^phi happen
Warning, weird things with wt^phi happen
Warning, weird things with wt^phi happen
Warning, weird things with wt^phi happen
Warning, weird things with wt^phi happen
Warning, weird things with wt^phi happen
Warning, weird things with wt^phi happen
Warning, weird things with wt^phi happen
Warning, weird things with wt^phi happen
Warning, weird things with wt^phi happen
Warning, weird things with wt^phi happen
Warning, weird things with wt^phi happen
Warning, weird things with wt^phi happen
Warning, weird things with wt^phi happen
Warning, weird things with wt^phi happen
Warning, weird things with wt^phi happen
Warning, weird things with wt^phi happen
Warning, weird things with wt^phi happen
Warning, weird things with wt^phi happen
Warning, weird things with wt^phi happen
Warning, weird things with wt^phi happen
Warning, weird things with wt^phi happen
Warning, weird things with wt^phi happen
Warning, weird things with wt^phi happen
Warning, weird things with wt^phi happen
Warning, weird things with wt^phi happen
Warning, weird things with wt^phi happen
Warning, weird things with wt^phi happen
Warning, weird things with wt^phi happen
Warning, weird things with wt^phi happen
Warning, weird things with wt^phi happen
Warning, weird things with wt^phi happen
Warning, weird things with wt^phi happen
Warning, weird things with wt^phi happen
Warning, weird things with wt^phi happen
Warning, weird things with wt^phi happen
Warning, weird things with wt^phi happen
Warning, weird things with wt^phi happen
Warning, weird things with wt^phi happen
Warning, weird things with wt^phi happen
Warning, weird things with wt^phi happen
Warning, weird things with wt^phi happen
Warning, weird things with wt^phi happen
Warning, weird things with wt^phi happen
Warning, weird things with wt^phi happen
Warning, weird things with wt^phi happen
Warning, weird things with wt^phi happen
Warning, weird things with wt^phi happen
Warning, weird things with wt^phi happen
Warning, weird things with wt^phi happen
Warning, weird things with wt^phi happen
Warning, weird things with wt^phi happen
Warning, weird things with wt^phi happen
Warning, weird things with wt^phi happen
Warning, weird things with wt^phi happen
Warning, weird things with wt^phi happen
Warning, weird things with wt^phi happen
Warning, weird things with wt^phi happen
Warning, weird things with wt^phi happen
Warning, weird things with wt^phi happen
Warning, weird things with wt^phi happen
Warning, weird things with wt^phi happen
Warning, weird things with wt^phi happen
Warning, weird things with wt^phi happen
Warning, weird things with wt^phi happen
Warning, weird things with wt^phi happen
Warning, weird things with wt^phi happen
Warning, weird things with wt^phi happen
Warning, weird things with wt^phi happen
Warning, weird things with wt^phi happen
Warning, weird things with wt^phi happen
Warning, weird things with wt^phi happen
Warning, weird things with wt^phi happen
Warning, weird things with wt^phi happen
Warning, weird things with wt^phi happen
Warning, weird things with wt^phi happen
Warning, weird things with wt^phi happen
Warning, weird things with wt^phi happen
Warning, weird things with wt^phi happen
Warning, weird things with wt^phi happen
Warning, weird things with wt^phi happen

=== SINGLE_AGENT plane1 SOLVED_SATISFICING ===
Domain parsed
Problem parsed
Grounding..
Grounding Time: 36
Aibr Preprocessing
UFX:false
|F|:15
|X|:2
|A|:37
|P|:0
|E|:0
H1 Setup Time (msec): 32
h(I):7.0
 g(n)= 1.0 h(n)=6.0
 g(n)= 2.0 h(n)=4.571289
 g(n)= 3.0 h(n)=3.571289
 g(n)= 4.0 h(n)=3.0
 g(n)= 13.0 h(n)=2.234375
 g(n)= 14.0 h(n)=2.0
 g(n)= 15.0 h(n)=1.0
Problem Solved

Found Plan:
0.0: (board person1 city0)
1.0: (fly_slow_city0_city2)
2.0: (debark person1 city2)
3.0: (refuel_4096)
4.0: (refuel_32)
5.0: (refuel_128)
6.0: (refuel_64)
7.0: (refuel_512)
8.0: (refuel_8)
9.0: (refuel_256)
10.0: (refuel_4)
11.0: (fly_slow_city2_city1)
12.0: (board person3 city1)
13.0: (refuel_1024)
14.0: (fly_slow_city1_city2)
15.0: (debark person3 city2)

Plan-Length:16
Metric (Search):16.0
Planning Time (msec): 693
Heuristic Time (msec): 415
Search Time (msec): 686
Expanded Nodes:5244
States Evaluated:21139
Number of Dead-Ends detected:0
Number of Duplicates detected:48557

=== SINGLE_AGENT plane2 SOLVED_SATISFICING ===
Domain parsed
Problem parsed
Grounding..
Grounding Time: 23
Aibr Preprocessing
UFX:false
|F|:15
|X|:2
|A|:37
|P|:0
|E|:0
H1 Setup Time (msec): 13
h(I):3.0
 g(n)= 1.0 h(n)=2.0
 g(n)= 2.0 h(n)=1.0
Problem Solved

Found Plan:
0.0: (board person2 city0)
1.0: (fly_slow_city0_city1)
2.0: (debark person2 city1)

Plan-Length:3
Metric (Search):3.0
Planning Time (msec): 35
Heuristic Time (msec): 20
Search Time (msec): 30
Expanded Nodes:4
States Evaluated:45
Number of Dead-Ends detected:0
Number of Duplicates detected:1

=== ROBUSTNESS INTERNAL_ERROR ===
Domain parsed
Problem parsed
Grounding..
Grounding Time: 241
Aibr Preprocessing
UFX:false
|F|:56
|X|:8
|A|:274
|P|:0
|E|:0
H1 Setup Time (msec): 46
h(I):13.015484
 g(n)= 1.0 h(n)=12.0
 g(n)= 2.0 h(n)=11.0
 g(n)= 3.0 h(n)=10.0
 g(n)= 4.0 h(n)=8.72168
 g(n)= 5.0 h(n)=7.7216797
 g(n)= 6.0 h(n)=6.7216797
 g(n)= 7.0 h(n)=6.006173
 g(n)= 10.0 h(n)=6.0
 g(n)= 11.0 h(n)=5.0
-------------Time: 10s ; Expanded Nodes: 13114 (Avg-Speed 1311.0 n/s); Evaluated States: 142969
-------------Time: 20s ; Expanded Nodes: 19765 (Avg-Speed 988.0 n/s); Evaluated States: 212223
-------------Time: 30s ; Expanded Nodes: 32680 (Avg-Speed 1089.0 n/s); Evaluated States: 326957
-------------Time: 40s ; Expanded Nodes: 44601 (Avg-Speed 1115.0 n/s); Evaluated States: 422172
-------------Time: 50s ; Expanded Nodes: 64045 (Avg-Speed 1280.0 n/s); Evaluated States: 566473
-------------Time: 60s ; Expanded Nodes: 84589 (Avg-Speed 1409.0 n/s); Evaluated States: 727155
-------------Time: 70s ; Expanded Nodes: 113293 (Avg-Speed 1618.0 n/s); Evaluated States: 931742
-------------Time: 80s ; Expanded Nodes: 143631 (Avg-Speed 1795.0 n/s); Evaluated States: 1141167
-------------Time: 90s ; Expanded Nodes: 170570 (Avg-Speed 1895.0 n/s); Evaluated States: 1349169
-------------Time: 100s ; Expanded Nodes: 198581 (Avg-Speed 1985.0 n/s); Evaluated States: 1547860
