=== CASE ===
domain: numeric_markettrader
instance_file: pfile1.json
has_social_law: False
problem_name: market_trader_/home/ym/Documents/GitHub/up_social_laws_experimentation/experimentation/instances/numeric_markettrader/pfile1
verifier: general

=== SINGLE_AGENT camel0 SOLVED_SATISFICING ===
Domain parsed
Problem parsed
Grounding..
Grounding Time: 14
Aibr Preprocessing
UFX:false
|F|:2
|X|:4
|A|:6
|P|:0
|E|:0
H1 Setup Time (msec): 5
h(I):3.0
 g(n)= 1.0 h(n)=2.0
 g(n)= 2.0 h(n)=1.0
Problem Solved

Found Plan:
0.0: (buy_g0_m0)
1.0: (travel_m0_m1)
2.0: (sell_g0_m1)

Plan-Length:3
Metric (Search):3.0
Planning Time (msec): 11
Heuristic Time (msec): 3
Search Time (msec): 8
Expanded Nodes:4
States Evaluated:5
Number of Dead-Ends detected:1
Number of Duplicates detected:0

=== SINGLE_AGENT camel1 SOLVED_SATISFICING ===
Domain parsed
Problem parsed
Grounding..
Grounding Time: 10
Aibr Preprocessing
UFX:false
|F|:2
|X|:4
|A|:6
|P|:0
|E|:0
H1 Setup Time (msec): 5
h(I):3.0
 g(n)= 1.0 h(n)=2.0
 g(n)= 2.0 h(n)=1.0
Problem Solved

Found Plan:
0.0: (buy_g0_m0)
1.0: (travel_m0_m1)
2.0: (sell_g0_m1)

Plan-Length:3
Metric (Search):3.0
Planning Time (msec): 11
Heuristic Time (msec): 3
Search Time (msec): 8
Expanded Nodes:4
States Evaluated:5
Number of Dead-Ends detected:1
Number of Duplicates detected:0

=== ROBUSTNESS SOLVED_SATISFICING ===
Domain parsed
Problem parsed
Grounding..
Grounding Time: 230
Aibr Preprocessing
UFX:false
|F|:30
|X|:15
|A|:57
|P|:0
|E|:0
H1 Setup Time (msec): 17
h(I):5.0
 g(n)= 1.0 h(n)=4.0
 g(n)= 2.0 h(n)=3.0
 g(n)= 5.0 h(n)=2.0
 g(n)= 6.0 h(n)=1.0
Problem Solved

Found Plan:
0.0: (s_ra___camel0__buy_g0_m0)
1.0: (s_ra___camel0__travel_m0_m1)
2.0: (s_ra___camel1__buy_g0_m0)
3.0: (s_ra___camel1__sell_g0_m0)
4.0: (f_ra_3__camel1__buy_g0_m0)
5.0: (l_ra__camel0__sell_g0_m1)
6.0: (goals_not_achieved_camel0_0)

Plan-Length:7
Metric (Search):7.0
Planning Time (msec): 200
Heuristic Time (msec): 134
Search Time (msec): 189
Expanded Nodes:10
States Evaluated:24
Number of Dead-Ends detected:1
Number of Duplicates detected:0
