=== CASE ===
domain: numeric_markettrader
instance_file: pfile1.json
has_social_law: False
problem_name: market_trader_/home/ym/Documents/GitHub/up_social_laws_experimentation/experimentation/instances/numeric_markettrader/pfile1
verifier: general

=== SINGLE_AGENT camel0 UNSOLVABLE_PROVEN ===
Domain parsed
Problem parsed
Grounding..
Grounding Time: 20
Aibr Preprocessing
UFX:false
|F|:3
|X|:4
|A|:11
|P|:0
|E|:0
H1 Setup Time (msec): 11
h(I):3.4
 g(n)= 2.0 h(n)=3.2
 g(n)= 3.0 h(n)=2.4
 g(n)= 5.0 h(n)=2.0
 g(n)= 12.0 h(n)=1.8
 g(n)= 14.0 h(n)=1.4
 g(n)= 9.0 h(n)=1.2
Problem unsolvable
Metric (Search):-1.0
Planning Time (msec): 95
Heuristic Time (msec): 40
Search Time (msec): 0
Expanded Nodes:1128
States Evaluated:1434
Number of Dead-Ends detected:558
Number of Duplicates detected:1212
