=== CASE ===
domain: numeric_markettrader
instance_file: pfile3.json
has_social_law: False
problem_name: market_trader_/home/ym/Documents/GitHub/up_social_laws_experimentation/experimentation/instances/numeric_markettrader/pfile3
verifier: general

=== SINGLE_AGENT camel0 UNSOLVABLE_PROVEN ===
Domain parsed
Problem parsed
Grounding..
Grounding Time: 19
Aibr Preprocessing
UFX:false
|F|:4
|X|:4
|A|:18
|P|:0
|E|:0
H1 Setup Time (msec): 8
h(I):3.8
 g(n)= 1.0 h(n)=3.5
 g(n)= 3.0 h(n)=3.2
Problem unsolvable
Metric (Search):-1.0
Planning Time (msec): 125
Heuristic Time (msec): 62
Search Time (msec): 0
Expanded Nodes:985
States Evaluated:1315
Number of Dead-Ends detected:677
Number of Duplicates detected:1475
