=== CASE ===
domain: numeric_markettrader
instance_file: pfile2.json
has_social_law: False
problem_name: market_trader_/home/ym/Documents/GitHub/up_social_laws_experimentation/experimentation/instances/numeric_markettrader/pfile2
verifier: general

=== SINGLE_AGENT camel0 UNSOLVABLE_PROVEN ===
Domain parsed
Problem parsed
Grounding..
Grounding Time: 17
Aibr Preprocessing
UFX:false
|F|:3
|X|:4
|A|:11
|P|:0
|E|:0
H1 Setup Time (msec): 9
h(I):4.3333335
 g(n)= 1.0 h(n)=3.5
 g(n)= 2.0 h(n)=3.1666667
 g(n)= 3.0 h(n)=2.3333333
 g(n)= 5.0 h(n)=2.0
 g(n)= 11.0 h(n)=1.8333334
 g(n)= 17.0 h(n)=1.6666666
 g(n)= 13.0 h(n)=1.5
 g(n)= 15.0 h(n)=1.1666666
Problem unsolvable
Metric (Search):-1.0
Planning Time (msec): 81
Heuristic Time (msec): 34
Search Time (msec): 0
Expanded Nodes:620
States Evaluated:799
Number of Dead-Ends detected:296
Number of Duplicates detected:728
