=== CASE ===
domain: numeric_markettrader
instance_file: pfile1.json
has_social_law: False
problem_name: market_trader_/home/ym/Documents/GitHub/up_social_laws_experimentation/experimentation/instances/numeric_markettrader/pfile1
verifier: general

=== SINGLE_AGENT camel0 SOLVED_SATISFICING ===
Domain parsed
Problem parsed
Grounding..
Grounding Time: 16
Aibr Preprocessing
UFX:false
|F|:3
|X|:4
|A|:11
|P|:0
|E|:0
H1 Setup Time (msec): 8
h(I):2.5714285
 g(n)= 1.0 h(n)=2.0
 g(n)= 2.0 h(n)=1.1428572
 g(n)= 6.0 h(n)=0.85714287
Problem Solved

Found Plan:
0.0: (buy_g0_m0)
1.0: (travel_m0_m1)
2.0: (sell_g0_m1)
3.0: (travel_m1_m0)
4.0: (buy_g0_m0)
5.0: (travel_m0_m1)
6.0: (sell_g0_m1)

Plan-Length:7
Metric (Search):7.0
Planning Time (msec): 24
Heuristic Time (msec): 12
Search Time (msec): 21
Expanded Nodes:10
States Evaluated:30
Number of Dead-Ends detected:3
Number of Duplicates detected:5

=== SINGLE_AGENT camel1 SOLVED_SATISFICING ===
Domain parsed
Problem parsed
Grounding..
Grounding Time: 17
Aibr Preprocessing
UFX:false
|F|:3
|X|:4
|A|:11
|P|:0
|E|:0
H1 Setup Time (msec): 6
h(I):2.5714285
 g(n)= 1.0 h(n)=2.0
 g(n)= 2.0 h(n)=1.1428572
 g(n)= 6.0 h(n)=0.85714287
Problem Solved

Found Plan:
0.0: (buy_g0_m0)
1.0: (travel_m0_m1)
2.0: (sell_g0_m1)
3.0: (travel_m1_m0)
4.0: (buy_g0_m0)
5.0: (travel_m0_m1)
6.0: (sell_g0_m1)

Plan-Length:7
Metric (Search):7.0
Planning Time (msec): 22
Heuristic Time (msec): 10
Search Time (msec): 18
Expanded Nodes:10
States Evaluated:30
Number of Dead-Ends detected:3
Number of Duplicates detected:5

=== ROBUSTNESS UNSOLVABLE_PROVEN ===
Domain parsed
Problem parsed
Grounding..
Grounding Time: 209
Aibr Preprocessing
UFX:false
|F|:44
|X|:15
|A|:85
|P|:0
|E|:0
H1 Setup Time (msec): 20
h(I):7.0
 g(n)= 1.0 h(n)=6.0
 g(n)= 5.0 h(n)=3.0
Problem unsolvable
Metric (Search):-1.0
Planning Time (msec): 764
Heuristic Time (msec): 523
Search Time (msec): 0
Expanded Nodes:831
States Evaluated:1038
Number of Dead-Ends detected:166
Number of Duplicates detected:3226
