=== CASE ===
domain: numeric_markettrader
instance_file: pfile1.json
has_social_law: False
problem_name: market_trader_/home/ym/Documents/GitHub/up_social_laws_experimentation/experimentation/instances/numeric_markettrader/pfile1
verifier: general

=== SINGLE_AGENT camel0 SOLVED_SATISFICING ===
Domain parsed
Problem parsed
Grounding..
Grounding Time: 15
Aibr Preprocessing
UFX:false
|F|:2
|X|:4
|A|:6
|P|:0
|E|:0
H1 Setup Time (msec): 10
h(I):3.0
 g(n)= 1.0 h(n)=2.0
 g(n)= 2.0 h(n)=1.0
Problem Solved

Found Plan:
0.0: (buy_g0_m0)
1.0: (travel_m0_m1)
2.0: (sell_g0_m1)

Plan-Length:3
Metric (Search):3.0
Planning Time (msec): 17
Heuristic Time (msec): 4
Search Time (msec): 13
Expanded Nodes:4
States Evaluated:5
Number of Dead-Ends detected:1
Number of Duplicates detected:0

=== SINGLE_AGENT camel1 SOLVED_SATISFICING ===
Domain parsed
Problem parsed
Grounding..
Grounding Time: 16
Aibr Preprocessing
UFX:false
|F|:2
|X|:4
|A|:6
|P|:0
|E|:0
H1 Setup Time (msec): 11
h(I):3.0
 g(n)= 1.0 h(n)=2.0
 g(n)= 2.0 h(n)=1.0
Problem Solved

Found Plan:
0.0: (buy_g0_m0)
1.0: (travel_m0_m1)
2.0: (sell_g0_m1)

Plan-Length:3
Metric (Search):3.0
Planning Time (msec): 16
Heuristic Time (msec): 5
Search Time (msec): 12
Expanded Nodes:4
States Evaluated:5
Number of Dead-Ends detected:1
Number of Duplicates detected:0

=== ROBUSTNESS SOLVED_SATISFICING ===
Domain parsed
Problem parsed
Grounding..
Grounding Time: 171
Aibr Preprocessing
UFX:false
|F|:30
|X|:15
|A|:57
|P|:0
|E|:0
H1 Setup Time (msec): 17
h(I):8.0
 g(n)= 1.0 h(n)=7.0
 g(n)= 2.0 h(n)=6.0
 g(n)= 3.0 h(n)=5.0
 g(n)= 4.0 h(n)=4.0
 g(n)= 5.0 h(n)=3.0
 g(n)= 8.0 h(n)=2.0
 g(n)= 9.0 h(n)=1.0
Problem Solved

Found Plan:
0.0: (s_ra___camel0__buy_g0_m0)
1.0: (s_ra___camel0__travel_m0_m1)
2.0: (s_ra___camel1__buy_g0_m0)
3.0: (s_ra___camel0__sell_g0_m1)
4.0: (s_ra___camel1__sell_g0_m0)
5.0: (f_ra_3__camel1__buy_g0_m0)
6.0: (camel1_take_turn)
7.0: (l_ra__camel1__travel_m0_m1)
8.0: (l_ra__camel1__sell_g0_m1)
9.0: (goals_not_achieved_camel1_0)

Plan-Length:10
Metric (Search):10.0
Planning Time (msec): 47
Heuristic Time (msec): 26
Search Time (msec): 42
Expanded Nodes:15
States Evaluated:23
Number of Dead-Ends detected:14
Number of Duplicates detected:3
