=== SINGLE_AGENT a0 STATUS PlanGenerationResultStatus.SOLVED_SATISFICING ===
Domain parsed
Problem parsed
Grounding..
Grounding Time: 19
Aibr Preprocessing
UFX:false
|F|:3
|X|:1
|A|:5
|P|:0
|E|:0
H1 Setup Time (msec): 5
h(I):1.0
Problem Solved

Found Plan:
0.0: (build_cabin p0)

Plan-Length:1
Metric (Search):1.0
Planning Time (msec): 8
Heuristic Time (msec): 3
Search Time (msec): 6
Expanded Nodes:2
States Evaluated:2
Number of Dead-Ends detected:0
Number of Duplicates detected:0

=== SINGLE_AGENT a1 STATUS PlanGenerationResultStatus.SOLVED_SATISFICING ===
Domain parsed
Problem parsed
Grounding..
Grounding Time: 18
Aibr Preprocessing
UFX:false
|F|:3
|X|:1
|A|:5
|P|:0
|E|:0
H1 Setup Time (msec): 5
h(I):1.0
Problem Solved

Found Plan:
0.0: (build_cabin p0)

Plan-Length:1
Metric (Search):1.0
Planning Time (msec): 11
Heuristic Time (msec): 5
Search Time (msec): 10
Expanded Nodes:2
States Evaluated:2
Number of Dead-Ends detected:0
Number of Duplicates detected:0

=== ROBUSTNESS_COMPILATION STATUS PlanGenerationResultStatus.UNSOLVABLE_PROVEN ===
Domain parsed
Problem parsed
Grounding..
Grounding Time: 132
Aibr Preprocessing
UFX:false
|F|:26
|X|:3
|A|:33
|P|:0
|E|:0
H1 Setup Time (msec): 10
h(I):4.0
 g(n)= 2.0 h(n)=3.0
Problem unsolvable
Metric (Search):-1.0
Planning Time (msec): 24
Heuristic Time (msec): 12
Search Time (msec): 0
Expanded Nodes:16
States Evaluated:16
Number of Dead-Ends detected:24
Number of Duplicates detected:41

