=== SINGLE_AGENT a0 STATUS PlanGenerationResultStatus.SOLVED_SATISFICING ===
Domain parsed
Problem parsed
Grounding..
Grounding Time: 31
Aibr Preprocessing
UFX:false
|F|:3
|X|:2
|A|:5
|P|:0
|E|:0
H1 Setup Time (msec): 7
h(I):1.0
Problem Solved

Found Plan:
0.0: (build_cabin p0)

Plan-Length:1
Metric (Search):1.0
Planning Time (msec): 10
Heuristic Time (msec): 2
Search Time (msec): 7
Expanded Nodes:2
States Evaluated:2
Number of Dead-Ends detected:0
Number of Duplicates detected:0

=== SINGLE_AGENT a1 STATUS PlanGenerationResultStatus.SOLVED_SATISFICING ===
Domain parsed
Problem parsed
Grounding..
Grounding Time: 20
Aibr Preprocessing
UFX:false
|F|:3
|X|:2
|A|:5
|P|:0
|E|:0
H1 Setup Time (msec): 6
h(I):1.0
Problem Solved

Found Plan:
0.0: (build_cabin p0)

Plan-Length:1
Metric (Search):1.0
Planning Time (msec): 8
Heuristic Time (msec): 2
Search Time (msec): 6
Expanded Nodes:2
States Evaluated:2
Number of Dead-Ends detected:0
Number of Duplicates detected:0

=== ROBUSTNESS_COMPILATION STATUS PlanGenerationResultStatus.TIMEOUT ===
Domain parsed
Problem parsed
Grounding..
Grounding Time: 278
Aibr Preprocessing
UFX:false
|F|:26
|X|:7
|A|:37
|P|:0
|E|:0
H1 Setup Time (msec): 8
h(I):4.0
 g(n)= 2.0 h(n)=3.0
-------------Time: 10s ; Expanded Nodes: 395077 (Avg-Speed 39507.0 n/s); Evaluated States: 788662
-------------Time: 20s ; Expanded Nodes: 780679 (Avg-Speed 39033.0 n/s); Evaluated States: 1559849
-------------Time: 30s ; Expanded Nodes: 1147982 (Avg-Speed 38266.0 n/s); Evaluated States: 2294325

