=== CASE ===
domain: civ
instance_file: pfile1.json
has_social_law: True
problem_name: sl_civ_/home/ym/Documents/GitHub/up_social_laws_experimentation/experimentation/numeric_problems_instances/civ/json/pfile1
verifier: simple

=== CONVERSION ===
=== SNP CONVERSION ===
Converted problem: sl_civ_/home/ym/Documents/GitHub/up_social_laws_experimentation/experimentation/numeric_problems_instances/civ/json/pfile1_NUM_STRIPS

=== COMPILER OUTPUT ===
Warning, weird things with wt^phi happen
Warning, weird things with wt^phi happen
Warning, weird things with wt^phi happen
Warning, weird things with wt^phi happen
Warning, weird things with wt^phi happen
Warning, weird things with wt^phi happen
Warning, weird things with wt^phi happen
Warning, weird things with wt^phi happen
Warning, weird things with wt^phi happen
Warning, weird things with wt^phi happen
Warning, weird things with wt^phi happen
Warning, weird things with wt^phi happen
Warning, weird things with wt^phi happen
Warning, weird things with wt^phi happen
Warning, weird things with wt^phi happen
Warning, weird things with wt^phi happen
Warning, weird things with wt^phi happen
Warning, weird things with wt^phi happen
Warning, weird things with wt^phi happen
Warning, weird things with wt^phi happen
Warning, weird things with wt^phi happen
Warning, weird things with wt^phi happen
Warning, weird things with wt^phi happen
Warning, weird things with wt^phi happen
Warning, weird things with wt^phi happen
Warning, weird things with wt^phi happen
Warning, weird things with wt^phi happen
Warning, weird things with wt^phi happen
Warning, weird things with wt^phi happen
Warning, weird things with wt^phi happen
Warning, weird things with wt^phi happen
Warning, weird things with wt^phi happen
Warning, weird things with wt^phi happen
Warning, weird things with wt^phi happen
Warning, weird things with wt^phi happen
Warning, weird things with wt^phi happen
Warning, weird things with wt^phi happen
Warning, weird things with wt^phi happen
Warning, weird things with wt^phi happen
Warning, weird things with wt^phi happen
Warning, weird things with wt^phi happen
Warning, weird things with wt^phi happen
Warning, weird things with wt^phi happen
Warning, weird things with wt^phi happen
Warning, weird things with wt^phi happen
Warning, weird things with wt^phi happen
Warning, weird things with wt^phi happen
Warning, weird things with wt^phi happen
Warning, weird things with wt^phi happen
Warning, weird things with wt^phi happen
Warning, weird things with wt^phi happen
Warning, weird things with wt^phi happen
Warning, weird things with wt^phi happen
Warning, weird things with wt^phi happen
Warning, weird things with wt^phi happen
Warning, weird things with wt^phi happen
Warning, weird things with wt^phi happen
Warning, weird things with wt^phi happen
Warning, weird things with wt^phi happen
Warning, weird things with wt^phi happen
Warning, weird things with wt^phi happen
Warning, weird things with wt^phi happen
Warning, weird things with wt^phi happen
Warning, weird things with wt^phi happen
Warning, weird things with wt^phi happen
Warning, weird things with wt^phi happen
Warning, weird things with wt^phi happen
Warning, weird things with wt^phi happen
Warning, weird things with wt^phi happen
Warning, weird things with wt^phi happen
Warning, weird things with wt^phi happen
Warning, weird things with wt^phi happen
Warning, weird things with wt^phi happen
Warning, weird things with wt^phi happen
Warning, weird things with wt^phi happen
Warning, weird things with wt^phi happen
Warning, weird things with wt^phi happen
Warning, weird things with wt^phi happen
Warning, weird things with wt^phi happen
Warning, weird things with wt^phi happen
Warning, weird things with wt^phi happen
Warning, weird things with wt^phi happen
Warning, weird things with wt^phi happen
Warning, weird things with wt^phi happen
Warning, weird things with wt^phi happen
Warning, weird things with wt^phi happen
Warning, weird things with wt^phi happen
Warning, weird things with wt^phi happen
Warning, weird things with wt^phi happen
Warning, weird things with wt^phi happen
Warning, weird things with wt^phi happen
Warning, weird things with wt^phi happen
Warning, weird things with wt^phi happen
Warning, weird things with wt^phi happen
Warning, weird things with wt^phi happen
Warning, weird things with wt^phi happen
Warning, weird things with wt^phi happen
Warning, weird things with wt^phi happen
Warning, weird things with wt^phi happen
Warning, weird things with wt^phi happen
Warning, weird things with wt^phi happen
Warning, weird things with wt^phi happen
Warning, weird things with wt^phi happen
Warning, weird things with wt^phi happen
Warning, weird things with wt^phi happen
Warning, weird things with wt^phi happen
Warning, weird things with wt^phi happen
Warning, weird things with wt^phi happen
Warning, weird things with wt^phi happen
Warning, weird things with wt^phi happen
Warning, weird things with wt^phi happen
Warning, weird things with wt^phi happen
Warning, weird things with wt^phi happen
Warning, weird things with wt^phi happen
Warning, weird things with wt^phi happen
Warning, weird things with wt^phi happen
Warning, weird things with wt^phi happen
Warning, weird things with wt^phi happen
Warning, weird things with wt^phi happen
Warning, weird things with wt^phi happen
Warning, weird things with wt^phi happen
Warning, weird things with wt^phi happen
Warning, weird things with wt^phi happen
Warning, weird things with wt^phi happen
Warning, weird things with wt^phi happen
Warning, weird things with wt^phi happen
Warning, weird things with wt^phi happen
Warning, weird things with wt^phi happen
Warning, weird things with wt^phi happen
Warning, weird things with wt^phi happen
Warning, weird things with wt^phi happen
Warning, weird things with wt^phi happen
Warning, weird things with wt^phi happen
Warning, weird things with wt^phi happen
Warning, weird things with wt^phi happen
Warning, weird things with wt^phi happen
Warning, weird things with wt^phi happen
Warning, weird things with wt^phi happen
Warning, weird things with wt^phi happen
Warning, weird things with wt^phi happen
Warning, weird things with wt^phi happen
Warning, weird things with wt^phi happen
Warning, weird things with wt^phi happen
Warning, weird things with wt^phi happen
Warning, weird things with wt^phi happen
Warning, weird things with wt^phi happen
Warning, weird things with wt^phi happen
Warning, weird things with wt^phi happen
Warning, weird things with wt^phi happen
Warning, weird things with wt^phi happen
Warning, weird things with wt^phi happen
Warning, weird things with wt^phi happen
Warning, weird things with wt^phi happen
Warning, weird things with wt^phi happen
Warning, weird things with wt^phi happen
Warning, weird things with wt^phi happen
Warning, weird things with wt^phi happen
Warning, weird things with wt^phi happen
Warning, weird things with wt^phi happen
Warning, weird things with wt^phi happen
Warning, weird things with wt^phi happen
Warning, weird things with wt^phi happen
Warning, weird things with wt^phi happen
Warning, weird things with wt^phi happen
Warning, weird things with wt^phi happen
Warning, weird things with wt^phi happen
Warning, weird things with wt^phi happen
Warning, weird things with wt^phi happen
Warning, weird things with wt^phi happen
Warning, weird things with wt^phi happen
Warning, weird things with wt^phi happen
Warning, weird things with wt^phi happen
Warning, weird things with wt^phi happen
Warning, weird things with wt^phi happen
Warning, weird things with wt^phi happen
Warning, weird things with wt^phi happen
Warning, weird things with wt^phi happen
Warning, weird things with wt^phi happen
Warning, weird things with wt^phi happen
Warning, weird things with wt^phi happen
Warning, weird things with wt^phi happen
Warning, weird things with wt^phi happen
Warning, weird things with wt^phi happen
Warning, weird things with wt^phi happen
Warning, weird things with wt^phi happen
Warning, weird things with wt^phi happen
Warning, weird things with wt^phi happen
Warning, weird things with wt^phi happen
Warning, weird things with wt^phi happen
Warning, weird things with wt^phi happen
Warning, weird things with wt^phi happen
Warning, weird things with wt^phi happen
Warning, weird things with wt^phi happen
Warning, weird things with wt^phi happen
Warning, weird things with wt^phi happen
Warning, weird things with wt^phi happen
Warning, weird things with wt^phi happen
Warning, weird things with wt^phi happen
Warning, weird things with wt^phi happen
Warning, weird things with wt^phi happen
Warning, weird things with wt^phi happen
Warning, weird things with wt^phi happen
Warning, weird things with wt^phi happen
Warning, weird things with wt^phi happen
Warning, weird things with wt^phi happen
Warning, weird things with wt^phi happen
Warning, weird things with wt^phi happen
Warning, weird things with wt^phi happen
Warning, weird things with wt^phi happen
Warning, weird things with wt^phi happen
Warning, weird things with wt^phi happen
Warning, weird things with wt^phi happen
Warning, weird things with wt^phi happen
Warning, weird things with wt^phi happen
Warning, weird things with wt^phi happen
Warning, weird things with wt^phi happen
Warning, weird things with wt^phi happen
Warning, weird things with wt^phi happen
Warning, weird things with wt^phi happen
Warning, weird things with wt^phi happen
Warning, weird things with wt^phi happen
Warning, weird things with wt^phi happen
Warning, weird things with wt^phi happen
Warning, weird things with wt^phi happen
Warning, weird things with wt^phi happen
Warning, weird things with wt^phi happen
Warning, weird things with wt^phi happen
Warning, weird things with wt^phi happen
Warning, weird things with wt^phi happen
Warning, weird things with wt^phi happen
Warning, weird things with wt^phi happen
Warning, weird things with wt^phi happen
Warning, weird things with wt^phi happen
Warning, weird things with wt^phi happen
Warning, weird things with wt^phi happen
Warning, weird things with wt^phi happen
Warning, weird things with wt^phi happen
Warning, weird things with wt^phi happen
Warning, weird things with wt^phi happen
Warning, weird things with wt^phi happen
Warning, weird things with wt^phi happen
Warning, weird things with wt^phi happen
Warning, weird things with wt^phi happen
Warning, weird things with wt^phi happen
Warning, weird things with wt^phi happen
Warning, weird things with wt^phi happen
Warning, weird things with wt^phi happen
Warning, weird things with wt^phi happen
Warning, weird things with wt^phi happen
Warning, weird things with wt^phi happen
Warning, weird things with wt^phi happen
Warning, weird things with wt^phi happen
Warning, weird things with wt^phi happen
Warning, weird things with wt^phi happen
Warning, weird things with wt^phi happen
Warning, weird things with wt^phi happen
Warning, weird things with wt^phi happen
Warning, weird things with wt^phi happen
Warning, weird things with wt^phi happen
Warning, weird things with wt^phi happen
Warning, weird things with wt^phi happen
Warning, weird things with wt^phi happen
Warning, weird things with wt^phi happen
Warning, weird things with wt^phi happen
Warning, weird things with wt^phi happen
Warning, weird things with wt^phi happen
Warning, weird things with wt^phi happen
Warning, weird things with wt^phi happen
Warning, weird things with wt^phi happen
Warning, weird things with wt^phi happen
Warning, weird things with wt^phi happen
Warning, weird things with wt^phi happen
Warning, weird things with wt^phi happen
Warning, weird things with wt^phi happen
Warning, weird things with wt^phi happen
Warning, weird things with wt^phi happen
Warning, weird things with wt^phi happen
Warning, weird things with wt^phi happen
Warning, weird things with wt^phi happen
Warning, weird things with wt^phi happen
Warning, weird things with wt^phi happen
Warning, weird things with wt^phi happen
Warning, weird things with wt^phi happen
Warning, weird things with wt^phi happen
Warning, weird things with wt^phi happen
Warning, weird things with wt^phi happen
Warning, weird things with wt^phi happen
Warning, weird things with wt^phi happen
Warning, weird things with wt^phi happen
Warning, weird things with wt^phi happen
Warning, weird things with wt^phi happen
Warning, weird things with wt^phi happen
Warning, weird things with wt^phi happen
Warning, weird things with wt^phi happen
Warning, weird things with wt^phi happen
Warning, weird things with wt^phi happen
Warning, weird things with wt^phi happen
Warning, weird things with wt^phi happen
Warning, weird things with wt^phi happen
Warning, weird things with wt^phi happen
Warning, weird things with wt^phi happen
Warning, weird things with wt^phi happen
Warning, weird things with wt^phi happen
Warning, weird things with wt^phi happen
Warning, weird things with wt^phi happen
Warning, weird things with wt^phi happen
Warning, weird things with wt^phi happen
Warning, weird things with wt^phi happen
Warning, weird things with wt^phi happen
Warning, weird things with wt^phi happen
Warning, weird things with wt^phi happen
Warning, weird things with wt^phi happen
Warning, weird things with wt^phi happen
Warning, weird things with wt^phi happen
Warning, weird things with wt^phi happen
Warning, weird things with wt^phi happen
Warning, weird things with wt^phi happen
Warning, weird things with wt^phi happen
Warning, weird things with wt^phi happen
Warning, weird things with wt^phi happen
Warning, weird things with wt^phi happen
Warning, weird things with wt^phi happen
Warning, weird things with wt^phi happen
Warning, weird things with wt^phi happen
Warning, weird things with wt^phi happen
Warning, weird things with wt^phi happen
Warning, weird things with wt^phi happen
Warning, weird things with wt^phi happen
Warning, weird things with wt^phi happen
Warning, weird things with wt^phi happen
Warning, weird things with wt^phi happen
Warning, weird things with wt^phi happen
Warning, weird things with wt^phi happen
Warning, weird things with wt^phi happen
Warning, weird things with wt^phi happen
Warning, weird things with wt^phi happen
Warning, weird things with wt^phi happen
Warning, weird things with wt^phi happen
Warning, weird things with wt^phi happen
Warning, weird things with wt^phi happen
Warning, weird things with wt^phi happen
Warning, weird things with wt^phi happen
Warning, weird things with wt^phi happen
Warning, weird things with wt^phi happen
Warning, weird things with wt^phi happen
Warning, weird things with wt^phi happen
Warning, weird things with wt^phi happen
Warning, weird things with wt^phi happen
Warning, weird things with wt^phi happen
Warning, weird things with wt^phi happen
Warning, weird things with wt^phi happen
Warning, weird things with wt^phi happen
Warning, weird things with wt^phi happen
Warning, weird things with wt^phi happen
Warning, weird things with wt^phi happen
Warning, weird things with wt^phi happen
Warning, weird things with wt^phi happen
Warning, weird things with wt^phi happen
Warning, weird things with wt^phi happen
Warning, weird things with wt^phi happen
Warning, weird things with wt^phi happen
Warning, weird things with wt^phi happen
Warning, weird things with wt^phi happen
Warning, weird things with wt^phi happen
Warning, weird things with wt^phi happen
Warning, weird things with wt^phi happen
Warning, weird things with wt^phi happen
Warning, weird things with wt^phi happen
Warning, weird things with wt^phi happen
Warning, weird things with wt^phi happen
Warning, weird things with wt^phi happen
Warning, weird things with wt^phi happen
Warning, weird things with wt^phi happen
Warning, weird things with wt^phi happen
Warning, weird things with wt^phi happen
Warning, weird things with wt^phi happen
Warning, weird things with wt^phi happen
Warning, weird things with wt^phi happen
Warning, weird things with wt^phi happen
Warning, weird things with wt^phi happen
Warning, weird things with wt^phi happen
Warning, weird things with wt^phi happen
Warning, weird things with wt^phi happen
Warning, weird things with wt^phi happen
Warning, weird things with wt^phi happen
Warning, weird things with wt^phi happen
Warning, weird things with wt^phi happen
Warning, weird things with wt^phi happen
Warning, weird things with wt^phi happen
Warning, weird things with wt^phi happen
Warning, weird things with wt^phi happen
Warning, weird things with wt^phi happen
Warning, weird things with wt^phi happen
Warning, weird things with wt^phi happen
Warning, weird things with wt^phi happen
Warning, weird things with wt^phi happen
Warning, weird things with wt^phi happen
Warning, weird things with wt^phi happen
Warning, weird things with wt^phi happen
Warning, weird things with wt^phi happen
Warning, weird things with wt^phi happen
Warning, weird things with wt^phi happen
Warning, weird things with wt^phi happen
Warning, weird things with wt^phi happen
Warning, weird things with wt^phi happen
Warning, weird things with wt^phi happen
Warning, weird things with wt^phi happen
Warning, weird things with wt^phi happen
Warning, weird things with wt^phi happen
Warning, weird things with wt^phi happen
Warning, weird things with wt^phi happen
Warning, weird things with wt^phi happen
Warning, weird things with wt^phi happen
Warning, weird things with wt^phi happen
Warning, weird things with wt^phi happen
Warning, weird things with wt^phi happen
Warning, weird things with wt^phi happen
Warning, weird things with wt^phi happen
Warning, weird things with wt^phi happen
Warning, weird things with wt^phi happen
Warning, weird things with wt^phi happen
Warning, weird things with wt^phi happen
Warning, weird things with wt^phi happen
Warning, weird things with wt^phi happen
Warning, weird things with wt^phi happen
Warning, weird things with wt^phi happen
Warning, weird things with wt^phi happen
Warning, weird things with wt^phi happen
Warning, weird things with wt^phi happen
Warning, weird things with wt^phi happen
Warning, weird things with wt^phi happen
Warning, weird things with wt^phi happen
Warning, weird things with wt^phi happen
Warning, weird things with wt^phi happen
Warning, weird things with wt^phi happen
Warning, weird things with wt^phi happen
Warning, weird things with wt^phi happen
Warning, weird things with wt^phi happen
Warning, weird things with wt^phi happen
Warning, weird things with wt^phi happen
Warning, weird things with wt^phi happen
Warning, weird things with wt^phi happen
Warning, weird things with wt^phi happen
Warning, weird things with wt^phi happen
Warning, weird things with wt^phi happen
Warning, weird things with wt^phi happen
Warning, weird things with wt^phi happen
Warning, weird things with wt^phi happen
Warning, weird things with wt^phi happen
Warning, weird things with wt^phi happen
Warning, weird things with wt^phi happen
Warning, weird things with wt^phi happen
Warning, weird things with wt^phi happen
Warning, weird things with wt^phi happen
Warning, weird things with wt^phi happen
Warning, weird things with wt^phi happen
Warning, weird things with wt^phi happen
Warning, weird things with wt^phi happen
Warning, weird things with wt^phi happen
Warning, weird things with wt^phi happen
Warning, weird things with wt^phi happen
Warning, weird things with wt^phi happen
Warning, weird things with wt^phi happen
Warning, weird things with wt^phi happen
Warning, weird things with wt^phi happen
Warning, weird things with wt^phi happen
Warning, weird things with wt^phi happen
Warning, weird things with wt^phi happen
Warning, weird things with wt^phi happen
Warning, weird things with wt^phi happen
Warning, weird things with wt^phi happen
Warning, weird things with wt^phi happen
Warning, weird things with wt^phi happen
Warning, weird things with wt^phi happen
Warning, weird things with wt^phi happen
Warning, weird things with wt^phi happen
Warning, weird things with wt^phi happen
Warning, weird things with wt^phi happen
Warning, weird things with wt^phi happen
Warning, weird things with wt^phi happen
Warning, weird things with wt^phi happen
Warning, weird things with wt^phi happen
Warning, weird things with wt^phi happen
Warning, weird things with wt^phi happen
Warning, weird things with wt^phi happen
Warning, weird things with wt^phi happen
Warning, weird things with wt^phi happen
Warning, weird things with wt^phi happen
Warning, weird things with wt^phi happen
Warning, weird things with wt^phi happen
Warning, weird things with wt^phi happen
Warning, weird things with wt^phi happen
Warning, weird things with wt^phi happen
Warning, weird things with wt^phi happen
Warning, weird things with wt^phi happen
Warning, weird things with wt^phi happen
Warning, weird things with wt^phi happen
Warning, weird things with wt^phi happen
Warning, weird things with wt^phi happen
Warning, weird things with wt^phi happen
Warning, weird things with wt^phi happen
Warning, weird things with wt^phi happen
Warning, weird things with wt^phi happen
Warning, weird things with wt^phi happen
Warning, weird things with wt^phi happen
Warning, weird things with wt^phi happen
Warning, weird things with wt^phi happen
Warning, weird things with wt^phi happen
Warning, weird things with wt^phi happen
Warning, weird things with wt^phi happen
Warning, weird things with wt^phi happen
Warning, weird things with wt^phi happen
Warning, weird things with wt^phi happen
Warning, weird things with wt^phi happen
Warning, weird things with wt^phi happen
Warning, weird things with wt^phi happen
Warning, weird things with wt^phi happen
Warning, weird things with wt^phi happen
Warning, weird things with wt^phi happen
Warning, weird things with wt^phi happen
Warning, weird things with wt^phi happen
Warning, weird things with wt^phi happen
Warning, weird things with wt^phi happen
Warning, weird things with wt^phi happen
Warning, weird things with wt^phi happen
Warning, weird things with wt^phi happen
Warning, weird things with wt^phi happen
Warning, weird things with wt^phi happen
Warning, weird things with wt^phi happen
Warning, weird things with wt^phi happen
Warning, weird things with wt^phi happen
Warning, weird things with wt^phi happen
Warning, weird things with wt^phi happen
Warning, weird things with wt^phi happen
Warning, weird things with wt^phi happen
Warning, weird things with wt^phi happen
Warning, weird things with wt^phi happen
Warning, weird things with wt^phi happen
Warning, weird things with wt^phi happen
Warning, weird things with wt^phi happen
Warning, weird things with wt^phi happen
Warning, weird things with wt^phi happen
Warning, weird things with wt^phi happen
Warning, weird things with wt^phi happen
Warning, weird things with wt^phi happen
Warning, weird things with wt^phi happen
Warning, weird things with wt^phi happen
Warning, weird things with wt^phi happen
Warning, weird things with wt^phi happen
Warning, weird things with wt^phi happen

=== SINGLE_AGENT a0 UNSOLVABLE_PROVEN ===
Domain parsed
Problem parsed
Grounding..
Grounding Time: 24
Aibr Preprocessing
Problem Detected as Unsolvable by AIBR during preprocessing
UFX:false
|F|:3
|X|:2
Unsolvable Problem
