=== CASE ===
domain: numeric_markettrader
instance_file: pfile1.json
has_social_law: False
problem_name: market_trader_/home/ym/Documents/GitHub/up_social_laws_experimentation/experimentation/instances/numeric_markettrader/pfile1
verifier: general

=== SINGLE_AGENT camel0 SOLVED_SATISFICING ===
Domain parsed
Problem parsed
Grounding..
Grounding Time: 16
Aibr Preprocessing
UFX:false
|F|:3
|X|:4
|A|:11
|P|:0
|E|:0
H1 Setup Time (msec): 6
h(I):2.0
 g(n)= 1.0 h(n)=1.5
 g(n)= 2.0 h(n)=0.6666667
Problem Solved

Found Plan:
0.0: (buy_g0_m0)
1.0: (travel_m0_m1)
2.0: (sell_g0_m1)

Plan-Length:3
Metric (Search):3.0
Planning Time (msec): 17
Heuristic Time (msec): 7
Search Time (msec): 15
Expanded Nodes:4
States Evaluated:9
Number of Dead-Ends detected:1
Number of Duplicates detected:0

=== SINGLE_AGENT camel1 SOLVED_SATISFICING ===
Domain parsed
Problem parsed
Grounding..
Grounding Time: 18
Aibr Preprocessing
UFX:false
|F|:3
|X|:4
|A|:11
|P|:0
|E|:0
H1 Setup Time (msec): 7
h(I):2.0
 g(n)= 1.0 h(n)=1.5
 g(n)= 2.0 h(n)=0.6666667
Problem Solved

Found Plan:
0.0: (buy_g0_m0)
1.0: (travel_m0_m1)
2.0: (sell_g0_m1)

Plan-Length:3
Metric (Search):3.0
Planning Time (msec): 17
Heuristic Time (msec): 4
Search Time (msec): 15
Expanded Nodes:4
States Evaluated:9
Number of Dead-Ends detected:1
Number of Duplicates detected:0

=== ROBUSTNESS UNSOLVABLE_PROVEN ===
Domain parsed
Problem parsed
Grounding..
Grounding Time: 104
Aibr Preprocessing
Problem Detected as Unsolvable by AIBR during preprocessing
UFX:false
|F|:48
|X|:21
Unsolvable Problem
