[2026-04-23 14:25:56] Starting robustness suite 'run_20260423_142556' with 20 cases and 1 verifiers (20 case/verifier pairs).
[2026-04-23 14:25:56] Run directory: /home/ym/Documents/GitHub/up_social_laws_experimentation/experimentation/runs/run_20260423_142556
[2026-04-23 14:25:56] Results CSV: /home/ym/Documents/GitHub/up_social_laws_experimentation/experimentation/runs/run_20260423_142556/results.csv
[2026-04-23 14:25:56] Case manifest: /home/ym/Documents/GitHub/up_social_laws_experimentation/experimentation/runs/run_20260423_142556/cases.csv
[2026-04-23 14:25:56] Warnings file: /home/ym/Documents/GitHub/up_social_laws_experimentation/experimentation/runs/run_20260423_142556/warnings.txt
[2026-04-23 14:25:56] Limits: engine=enhsp, planner_timeout_seconds=120, wall_timeout_seconds=120, cpu_seconds=120, memory_bytes=16000000000
[2026-04-23 14:25:56] Case 1/20: domain=numeric_markettrader, instance=pfile1.json, social_law=without_sl
[2026-04-23 14:25:56] Starting pair 1/20: case_id=numeric_markettrader__pfile1__without_sl, verifier=general (1/1 for this case)
[2026-04-23 14:26:01] Finished pair 1/20: case_id=numeric_markettrader__pfile1__without_sl, verifier=general, status=ROBUST_RATIONAL, planner_status=UNSOLVABLE_PROVEN, elapsed_seconds=4.491, wall_clock_seconds=4.516, log_file=/home/ym/Documents/GitHub/up_social_laws_experimentation/experimentation/runs/run_20260423_142556/logs/general__numeric_markettrader__pfile1__without_sl.log
[2026-04-23 14:26:01] Case 2/20: domain=numeric_markettrader, instance=pfile2.json, social_law=without_sl
[2026-04-23 14:26:01] Starting pair 2/20: case_id=numeric_markettrader__pfile2__without_sl, verifier=general (1/1 for this case)
[2026-04-23 14:26:04] Finished pair 2/20: case_id=numeric_markettrader__pfile2__without_sl, verifier=general, status=ROBUST_RATIONAL, planner_status=UNSOLVABLE_PROVEN, elapsed_seconds=3.557, wall_clock_seconds=3.576, log_file=/home/ym/Documents/GitHub/up_social_laws_experimentation/experimentation/runs/run_20260423_142556/logs/general__numeric_markettrader__pfile2__without_sl.log
[2026-04-23 14:26:04] Case 3/20: domain=numeric_markettrader, instance=pfile3.json, social_law=without_sl
[2026-04-23 14:26:04] Starting pair 3/20: case_id=numeric_markettrader__pfile3__without_sl, verifier=general (1/1 for this case)
[2026-04-23 14:26:10] Finished pair 3/20: case_id=numeric_markettrader__pfile3__without_sl, verifier=general, status=ROBUST_RATIONAL, planner_status=UNSOLVABLE_PROVEN, elapsed_seconds=5.653, wall_clock_seconds=5.67, log_file=/home/ym/Documents/GitHub/up_social_laws_experimentation/experimentation/runs/run_20260423_142556/logs/general__numeric_markettrader__pfile3__without_sl.log
[2026-04-23 14:26:10] Case 4/20: domain=numeric_markettrader, instance=pfile4.json, social_law=without_sl
[2026-04-23 14:26:10] Starting pair 4/20: case_id=numeric_markettrader__pfile4__without_sl, verifier=general (1/1 for this case)
[2026-04-23 14:28:03] Finished pair 4/20: case_id=numeric_markettrader__pfile4__without_sl, verifier=general, status=UNKNOWN, planner_status=INTERNAL_ERROR, elapsed_seconds=113.128, wall_clock_seconds=113.142, log_file=/home/ym/Documents/GitHub/up_social_laws_experimentation/experimentation/runs/run_20260423_142556/logs/general__numeric_markettrader__pfile4__without_sl.log
[2026-04-23 14:28:03] Warnings for numeric_markettrader__pfile4__without_sl/general: Compiled robustness problem returned INTERNAL_ERROR.
[2026-04-23 14:28:03] Case 5/20: domain=numeric_markettrader, instance=pfile5.json, social_law=without_sl
[2026-04-23 14:28:03] Starting pair 5/20: case_id=numeric_markettrader__pfile5__without_sl, verifier=general (1/1 for this case)
[2026-04-23 14:29:58] Finished pair 5/20: case_id=numeric_markettrader__pfile5__without_sl, verifier=general, status=UNKNOWN, planner_status=INTERNAL_ERROR, elapsed_seconds=114.788, wall_clock_seconds=114.806, log_file=/home/ym/Documents/GitHub/up_social_laws_experimentation/experimentation/runs/run_20260423_142556/logs/general__numeric_markettrader__pfile5__without_sl.log
[2026-04-23 14:29:58] Warnings for numeric_markettrader__pfile5__without_sl/general: Compiled robustness problem returned INTERNAL_ERROR.
[2026-04-23 14:29:58] Case 6/20: domain=numeric_markettrader, instance=pfile6.json, social_law=without_sl
[2026-04-23 14:29:58] Starting pair 6/20: case_id=numeric_markettrader__pfile6__without_sl, verifier=general (1/1 for this case)
[2026-04-23 14:31:53] Finished pair 6/20: case_id=numeric_markettrader__pfile6__without_sl, verifier=general, status=UNKNOWN, planner_status=INTERNAL_ERROR, elapsed_seconds=115.161, wall_clock_seconds=115.176, log_file=/home/ym/Documents/GitHub/up_social_laws_experimentation/experimentation/runs/run_20260423_142556/logs/general__numeric_markettrader__pfile6__without_sl.log
[2026-04-23 14:31:53] Warnings for numeric_markettrader__pfile6__without_sl/general: Compiled robustness problem returned INTERNAL_ERROR.
[2026-04-23 14:31:53] Case 7/20: domain=numeric_markettrader, instance=pfile7.json, social_law=without_sl
[2026-04-23 14:31:53] Starting pair 7/20: case_id=numeric_markettrader__pfile7__without_sl, verifier=general (1/1 for this case)
[2026-04-23 14:33:52] Finished pair 7/20: case_id=numeric_markettrader__pfile7__without_sl, verifier=general, status=UNKNOWN, planner_status=INTERNAL_ERROR, elapsed_seconds=118.439, wall_clock_seconds=118.452, log_file=/home/ym/Documents/GitHub/up_social_laws_experimentation/experimentation/runs/run_20260423_142556/logs/general__numeric_markettrader__pfile7__without_sl.log
[2026-04-23 14:33:52] Warnings for numeric_markettrader__pfile7__without_sl/general: Compiled robustness problem returned INTERNAL_ERROR.
[2026-04-23 14:33:52] Case 8/20: domain=numeric_markettrader, instance=pfile8.json, social_law=without_sl
[2026-04-23 14:33:52] Starting pair 8/20: case_id=numeric_markettrader__pfile8__without_sl, verifier=general (1/1 for this case)
[2026-04-23 14:35:52] Finished pair 8/20: case_id=numeric_markettrader__pfile8__without_sl, verifier=general, status=UNKNOWN, planner_status=WALL_TIMEOUT, elapsed_seconds=120, wall_clock_seconds=120.113, log_file=/home/ym/Documents/GitHub/up_social_laws_experimentation/experimentation/runs/run_20260423_142556/logs/general__numeric_markettrader__pfile8__without_sl.log
[2026-04-23 14:35:52] Warnings for numeric_markettrader__pfile8__without_sl/general: Worker hit wall timeout.
[2026-04-23 14:35:52] Case 9/20: domain=numeric_markettrader, instance=pfile9.json, social_law=without_sl
[2026-04-23 14:35:52] Starting pair 9/20: case_id=numeric_markettrader__pfile9__without_sl, verifier=general (1/1 for this case)
[2026-04-23 14:37:52] Finished pair 9/20: case_id=numeric_markettrader__pfile9__without_sl, verifier=general, status=UNKNOWN, planner_status=WALL_TIMEOUT, elapsed_seconds=120, wall_clock_seconds=120.105, log_file=/home/ym/Documents/GitHub/up_social_laws_experimentation/experimentation/runs/run_20260423_142556/logs/general__numeric_markettrader__pfile9__without_sl.log
[2026-04-23 14:37:52] Warnings for numeric_markettrader__pfile9__without_sl/general: Worker hit wall timeout.
[2026-04-23 14:37:52] Case 10/20: domain=numeric_markettrader, instance=pfile10.json, social_law=without_sl
[2026-04-23 14:37:52] Starting pair 10/20: case_id=numeric_markettrader__pfile10__without_sl, verifier=general (1/1 for this case)
[2026-04-23 14:39:52] Finished pair 10/20: case_id=numeric_markettrader__pfile10__without_sl, verifier=general, status=UNKNOWN, planner_status=WALL_TIMEOUT, elapsed_seconds=120, wall_clock_seconds=120.106, log_file=/home/ym/Documents/GitHub/up_social_laws_experimentation/experimentation/runs/run_20260423_142556/logs/general__numeric_markettrader__pfile10__without_sl.log
[2026-04-23 14:39:52] Warnings for numeric_markettrader__pfile10__without_sl/general: Worker hit wall timeout.
[2026-04-23 14:39:52] Case 11/20: domain=numeric_markettrader, instance=pfile11.json, social_law=without_sl
[2026-04-23 14:39:52] Starting pair 11/20: case_id=numeric_markettrader__pfile11__without_sl, verifier=general (1/1 for this case)
[2026-04-23 14:41:52] Finished pair 11/20: case_id=numeric_markettrader__pfile11__without_sl, verifier=general, status=UNKNOWN, planner_status=WALL_TIMEOUT, elapsed_seconds=120, wall_clock_seconds=120.114, log_file=/home/ym/Documents/GitHub/up_social_laws_experimentation/experimentation/runs/run_20260423_142556/logs/general__numeric_markettrader__pfile11__without_sl.log
[2026-04-23 14:41:52] Warnings for numeric_markettrader__pfile11__without_sl/general: Worker hit wall timeout.
[2026-04-23 14:41:52] Case 12/20: domain=numeric_markettrader, instance=pfile12.json, social_law=without_sl
[2026-04-23 14:41:52] Starting pair 12/20: case_id=numeric_markettrader__pfile12__without_sl, verifier=general (1/1 for this case)
[2026-04-23 14:43:52] Finished pair 12/20: case_id=numeric_markettrader__pfile12__without_sl, verifier=general, status=UNKNOWN, planner_status=WALL_TIMEOUT, elapsed_seconds=120, wall_clock_seconds=120.126, log_file=/home/ym/Documents/GitHub/up_social_laws_experimentation/experimentation/runs/run_20260423_142556/logs/general__numeric_markettrader__pfile12__without_sl.log
[2026-04-23 14:43:52] Warnings for numeric_markettrader__pfile12__without_sl/general: Worker hit wall timeout.
[2026-04-23 14:43:52] Case 13/20: domain=numeric_markettrader, instance=pfile13.json, social_law=without_sl
[2026-04-23 14:43:52] Starting pair 13/20: case_id=numeric_markettrader__pfile13__without_sl, verifier=general (1/1 for this case)
[2026-04-23 14:45:52] Finished pair 13/20: case_id=numeric_markettrader__pfile13__without_sl, verifier=general, status=UNKNOWN, planner_status=WALL_TIMEOUT, elapsed_seconds=120, wall_clock_seconds=120.115, log_file=/home/ym/Documents/GitHub/up_social_laws_experimentation/experimentation/runs/run_20260423_142556/logs/general__numeric_markettrader__pfile13__without_sl.log
[2026-04-23 14:45:52] Warnings for numeric_markettrader__pfile13__without_sl/general: Worker hit wall timeout.
[2026-04-23 14:45:52] Case 14/20: domain=numeric_markettrader, instance=pfile14.json, social_law=without_sl
[2026-04-23 14:45:52] Starting pair 14/20: case_id=numeric_markettrader__pfile14__without_sl, verifier=general (1/1 for this case)
[2026-04-23 14:47:52] Finished pair 14/20: case_id=numeric_markettrader__pfile14__without_sl, verifier=general, status=UNKNOWN, planner_status=WALL_TIMEOUT, elapsed_seconds=120, wall_clock_seconds=120.114, log_file=/home/ym/Documents/GitHub/up_social_laws_experimentation/experimentation/runs/run_20260423_142556/logs/general__numeric_markettrader__pfile14__without_sl.log
[2026-04-23 14:47:52] Warnings for numeric_markettrader__pfile14__without_sl/general: Worker hit wall timeout.
[2026-04-23 14:47:52] Case 15/20: domain=numeric_markettrader, instance=pfile15.json, social_law=without_sl
[2026-04-23 14:47:52] Starting pair 15/20: case_id=numeric_markettrader__pfile15__without_sl, verifier=general (1/1 for this case)
[2026-04-23 14:49:08] Finished pair 15/20: case_id=numeric_markettrader__pfile15__without_sl, verifier=general, status=ROBUST_RATIONAL, planner_status=UNSOLVABLE_PROVEN, elapsed_seconds=75.135, wall_clock_seconds=75.15, log_file=/home/ym/Documents/GitHub/up_social_laws_experimentation/experimentation/runs/run_20260423_142556/logs/general__numeric_markettrader__pfile15__without_sl.log
[2026-04-23 14:49:08] Case 16/20: domain=numeric_markettrader, instance=pfile16.json, social_law=without_sl
[2026-04-23 14:49:08] Starting pair 16/20: case_id=numeric_markettrader__pfile16__without_sl, verifier=general (1/1 for this case)
[2026-04-23 14:50:36] Finished pair 16/20: case_id=numeric_markettrader__pfile16__without_sl, verifier=general, status=ROBUST_RATIONAL, planner_status=UNSOLVABLE_PROVEN, elapsed_seconds=88.321, wall_clock_seconds=88.337, log_file=/home/ym/Documents/GitHub/up_social_laws_experimentation/experimentation/runs/run_20260423_142556/logs/general__numeric_markettrader__pfile16__without_sl.log
[2026-04-23 14:50:36] Case 17/20: domain=numeric_markettrader, instance=pfile17.json, social_law=without_sl
[2026-04-23 14:50:36] Starting pair 17/20: case_id=numeric_markettrader__pfile17__without_sl, verifier=general (1/1 for this case)
[2026-04-23 14:52:27] Finished pair 17/20: case_id=numeric_markettrader__pfile17__without_sl, verifier=general, status=ROBUST_RATIONAL, planner_status=UNSOLVABLE_PROVEN, elapsed_seconds=111.592, wall_clock_seconds=111.609, log_file=/home/ym/Documents/GitHub/up_social_laws_experimentation/experimentation/runs/run_20260423_142556/logs/general__numeric_markettrader__pfile17__without_sl.log
[2026-04-23 14:52:27] Case 18/20: domain=numeric_markettrader, instance=pfile18.json, social_law=without_sl
[2026-04-23 14:52:27] Starting pair 18/20: case_id=numeric_markettrader__pfile18__without_sl, verifier=general (1/1 for this case)
[2026-04-23 14:54:20] Finished pair 18/20: case_id=numeric_markettrader__pfile18__without_sl, verifier=general, status=ROBUST_RATIONAL, planner_status=UNSOLVABLE_PROVEN, elapsed_seconds=111.992, wall_clock_seconds=112.007, log_file=/home/ym/Documents/GitHub/up_social_laws_experimentation/experimentation/runs/run_20260423_142556/logs/general__numeric_markettrader__pfile18__without_sl.log
[2026-04-23 14:54:20] Case 19/20: domain=numeric_markettrader, instance=pfile19.json, social_law=without_sl
[2026-04-23 14:54:20] Starting pair 19/20: case_id=numeric_markettrader__pfile19__without_sl, verifier=general (1/1 for this case)
[2026-04-23 14:56:20] Finished pair 19/20: case_id=numeric_markettrader__pfile19__without_sl, verifier=general, status=UNKNOWN, planner_status=WALL_TIMEOUT, elapsed_seconds=120, wall_clock_seconds=120.114, log_file=/home/ym/Documents/GitHub/up_social_laws_experimentation/experimentation/runs/run_20260423_142556/logs/general__numeric_markettrader__pfile19__without_sl.log
[2026-04-23 14:56:20] Warnings for numeric_markettrader__pfile19__without_sl/general: Worker hit wall timeout.
[2026-04-23 14:56:20] Case 20/20: domain=numeric_markettrader, instance=pfile20.json, social_law=without_sl
[2026-04-23 14:56:20] Starting pair 20/20: case_id=numeric_markettrader__pfile20__without_sl, verifier=general (1/1 for this case)
[2026-04-23 14:58:20] Finished pair 20/20: case_id=numeric_markettrader__pfile20__without_sl, verifier=general, status=UNKNOWN, planner_status=WALL_TIMEOUT, elapsed_seconds=120, wall_clock_seconds=120.124, log_file=/home/ym/Documents/GitHub/up_social_laws_experimentation/experimentation/runs/run_20260423_142556/logs/general__numeric_markettrader__pfile20__without_sl.log
[2026-04-23 14:58:20] Warnings for numeric_markettrader__pfile20__without_sl/general: Worker hit wall timeout.
[2026-04-23 14:58:20] Run stopped after 20/20 pairs.
[2026-04-23 14:58:20] Status summary so far: ROBUST_RATIONAL=7, UNKNOWN=13
