=== CASE ===
domain: numeric_markettrader
instance_file: pfile2.json
has_social_law: False
problem_name: market_trader_/home/ym/Documents/GitHub/up_social_laws_experimentation/experimentation/instances/numeric_markettrader/pfile2
verifier: general

=== SINGLE_AGENT camel0 SOLVED_SATISFICING ===
Domain parsed
Problem parsed
Grounding..
Grounding Time: 13
Aibr Preprocessing
UFX:false
|F|:3
|X|:4
|A|:11
|P|:0
|E|:0
H1 Setup Time (msec): 7
h(I):2.375
 g(n)= 1.0 h(n)=1.625
 g(n)= 2.0 h(n)=0.875
Problem Solved

Found Plan:
0.0: (buy_g0_m0)
1.0: (travel_m0_m1)
2.0: (sell_g0_m1)

Plan-Length:3
Metric (Search):3.0
Planning Time (msec): 17
Heuristic Time (msec): 4
Search Time (msec): 15
Expanded Nodes:4
States Evaluated:13
Number of Dead-Ends detected:1
Number of Duplicates detected:0

=== SINGLE_AGENT camel1 SOLVED_SATISFICING ===
Domain parsed
Problem parsed
Grounding..
Grounding Time: 12
Aibr Preprocessing
UFX:false
|F|:3
|X|:4
|A|:11
|P|:0
|E|:0
H1 Setup Time (msec): 7
h(I):2.375
 g(n)= 1.0 h(n)=1.625
 g(n)= 2.0 h(n)=0.875
Problem Solved

Found Plan:
0.0: (buy_g0_m0)
1.0: (travel_m0_m1)
2.0: (sell_g0_m1)

Plan-Length:3
Metric (Search):3.0
Planning Time (msec): 15
Heuristic Time (msec): 3
Search Time (msec): 12
Expanded Nodes:4
States Evaluated:13
Number of Dead-Ends detected:1
Number of Duplicates detected:0

=== ROBUSTNESS UNSOLVABLE_PROVEN ===
Domain parsed
Problem parsed
Grounding..
Grounding Time: 111
Aibr Preprocessing
UFX:false
|F|:44
|X|:15
|A|:89
|P|:0
|E|:0
H1 Setup Time (msec): 16
h(I):6.0
 g(n)= 1.0 h(n)=5.0
 g(n)= 5.0 h(n)=3.0
Problem unsolvable
Metric (Search):-1.0
Planning Time (msec): 265
Heuristic Time (msec): 191
Search Time (msec): 0
Expanded Nodes:698
States Evaluated:829
Number of Dead-Ends detected:96
Number of Duplicates detected:2740
