=== CASE ===
domain: numeric_markettrader
instance_file: pfile1.json
has_social_law: False
problem_name: market_trader_/home/ym/Documents/GitHub/up_social_laws_experimentation/experimentation/instances/numeric_markettrader/pfile1
verifier: general

=== SINGLE_AGENT camel0 SOLVED_SATISFICING ===
Domain parsed
Problem parsed
Grounding..
Grounding Time: 21
Aibr Preprocessing
UFX:false
|F|:3
|X|:4
|A|:11
|P|:0
|E|:0
H1 Setup Time (msec): 12
h(I):2.4285715
 g(n)= 1.0 h(n)=1.7142857
 g(n)= 2.0 h(n)=0.85714287
Problem Solved

Found Plan:
0.0: (buy_g0_m0)
1.0: (travel_m0_m1)
2.0: (sell_g0_m1)

Plan-Length:3
Metric (Search):3.0
Planning Time (msec): 33
Heuristic Time (msec): 10
Search Time (msec): 27
Expanded Nodes:4
States Evaluated:12
Number of Dead-Ends detected:1
Number of Duplicates detected:1

=== SINGLE_AGENT camel1 SOLVED_SATISFICING ===
Domain parsed
Problem parsed
Grounding..
Grounding Time: 32
Aibr Preprocessing
UFX:false
|F|:3
|X|:4
|A|:11
|P|:0
|E|:0
H1 Setup Time (msec): 12
h(I):2.4285715
 g(n)= 1.0 h(n)=1.7142857
 g(n)= 2.0 h(n)=0.85714287
Problem Solved

Found Plan:
0.0: (buy_g0_m0)
1.0: (travel_m0_m1)
2.0: (sell_g0_m1)

Plan-Length:3
Metric (Search):3.0
Planning Time (msec): 28
Heuristic Time (msec): 8
Search Time (msec): 23
Expanded Nodes:4
States Evaluated:12
Number of Dead-Ends detected:1
Number of Duplicates detected:1

=== ROBUSTNESS UNSOLVABLE_PROVEN ===
Domain parsed
Problem parsed
Grounding..
Grounding Time: 98
Aibr Preprocessing
UFX:false
|F|:44
|X|:15
|A|:85
|P|:0
|E|:0
H1 Setup Time (msec): 8
h(I):6.0
 g(n)= 1.0 h(n)=5.0
 g(n)= 5.0 h(n)=3.0
Problem unsolvable
Metric (Search):-1.0
Planning Time (msec): 334
Heuristic Time (msec): 261
Search Time (msec): 0
Expanded Nodes:811
States Evaluated:983
Number of Dead-Ends detected:156
Number of Duplicates detected:3294
