=== CASE ===
domain: numeric_markettrader
instance_file: pfile6.json
has_social_law: False
problem_name: market_trader_/home/ym/Documents/GitHub/up_social_laws_experimentation/experimentation/instances/numeric_markettrader/pfile6
verifier: general

=== SINGLE_AGENT camel0 SOLVED_SATISFICING ===
Domain parsed
Problem parsed
Grounding..
Grounding Time: 22
Aibr Preprocessing
UFX:false
|F|:5
|X|:14
|A|:41
|P|:0
|E|:0
H1 Setup Time (msec): 6
h(I):3.0
 g(n)= 1.0 h(n)=2.4285715
 g(n)= 2.0 h(n)=1.5714285
 g(n)= 4.0 h(n)=1.2857143
 g(n)= 6.0 h(n)=1.0
Problem Solved

Found Plan:
0.0: (buy_g1_m1)
1.0: (travel_m1_m4)
2.0: (sell_g1_m4)
3.0: (buy_g1_m4)
4.0: (sell_g1_m4)
5.0: (buy_g1_m4)
6.0: (sell_g1_m4)

Plan-Length:7
Metric (Search):7.0
Planning Time (msec): 27
Heuristic Time (msec): 14
Search Time (msec): 23
Expanded Nodes:8
States Evaluated:40
Number of Dead-Ends detected:3
Number of Duplicates detected:1

=== SINGLE_AGENT camel1 SOLVED_SATISFICING ===
Domain parsed
Problem parsed
Grounding..
Grounding Time: 26
Aibr Preprocessing
UFX:false
|F|:5
|X|:14
|A|:41
|P|:0
|E|:0
H1 Setup Time (msec): 7
h(I):3.6
 g(n)= 1.0 h(n)=3.25
 g(n)= 2.0 h(n)=2.75
 g(n)= 3.0 h(n)=2.0
 g(n)= 5.0 h(n)=1.625
 g(n)= 7.0 h(n)=1.25
 g(n)= 9.0 h(n)=0.875
Problem Solved

Found Plan:
0.0: (travel_m2_m0)
1.0: (buy_g0_m0)
2.0: (travel_m0_m1)
3.0: (sell_g0_m1)
4.0: (buy_g0_m1)
5.0: (sell_g0_m1)
6.0: (buy_g0_m1)
7.0: (sell_g0_m1)
8.0: (buy_g0_m1)
9.0: (sell_g0_m1)

Plan-Length:10
Metric (Search):10.0
Planning Time (msec): 28
Heuristic Time (msec): 14
Search Time (msec): 26
Expanded Nodes:11
States Evaluated:63
Number of Dead-Ends detected:5
Number of Duplicates detected:0

=== ROBUSTNESS INTERNAL_ERROR ===
Domain parsed
Problem parsed
Grounding..
Grounding Time: 511
Aibr Preprocessing
UFX:false
|F|:112
|X|:46
|A|:341
|P|:0
|E|:0
H1 Setup Time (msec): 23
h(I):11.0
 g(n)= 1.0 h(n)=10.0
 g(n)= 5.0 h(n)=3.0
-------------Time: 10s ; Expanded Nodes: 5567 (Avg-Speed 556.0 n/s); Evaluated States: 34603
-------------Time: 20s ; Expanded Nodes: 12107 (Avg-Speed 605.0 n/s); Evaluated States: 74645
-------------Time: 30s ; Expanded Nodes: 17896 (Avg-Speed 596.0 n/s); Evaluated States: 114503
-------------Time: 40s ; Expanded Nodes: 25632 (Avg-Speed 640.0 n/s); Evaluated States: 152073
-------------Time: 50s ; Expanded Nodes: 32928 (Avg-Speed 658.0 n/s); Evaluated States: 189837
-------------Time: 60s ; Expanded Nodes: 38458 (Avg-Speed 640.0 n/s); Evaluated States: 228641
-------------Time: 70s ; Expanded Nodes: 44228 (Avg-Speed 631.0 n/s); Evaluated States: 266973
-------------Time: 80s ; Expanded Nodes: 50456 (Avg-Speed 630.0 n/s); Evaluated States: 306254
-------------Time: 90s ; Expanded Nodes: 56688 (Avg-Speed 629.0 n/s); Evaluated States: 344796
-------------Time: 100s ; Expanded Nodes: 62765 (Avg-Speed 627.0 n/s); Evaluated States: 384447
