=== CASE ===
domain: numeric_markettrader
instance_file: pfile18.json
has_social_law: False
problem_name: market_trader_/home/ym/Documents/GitHub/up_social_laws_experimentation/experimentation/instances/numeric_markettrader/pfile18
verifier: general

=== SINGLE_AGENT camel0 SOLVED_SATISFICING ===
Domain parsed
Problem parsed
Grounding..
Grounding Time: 114
Aibr Preprocessing
UFX:false
|F|:11
|X|:74
|A|:243
|P|:0
|E|:0
H1 Setup Time (msec): 14
h(I):2.75
 g(n)= 1.0 h(n)=2.0
 g(n)= 2.0 h(n)=1.25
 g(n)= 4.0 h(n)=0.875
Problem Solved

Found Plan:
0.0: (buy_g0_m0)
1.0: (travel_m0_m1)
2.0: (sell_g0_m1)
3.0: (buy_g0_m1)
4.0: (sell_g0_m1)

Plan-Length:5
Metric (Search):5.0
Planning Time (msec): 68
Heuristic Time (msec): 54
Search Time (msec): 65
Expanded Nodes:6
States Evaluated:60
Number of Dead-Ends detected:0
Number of Duplicates detected:5

=== SINGLE_AGENT camel1 SOLVED_SATISFICING ===
Domain parsed
Problem parsed
Grounding..
Grounding Time: 109
Aibr Preprocessing
UFX:false
|F|:11
|X|:74
|A|:243
|P|:0
|E|:0
H1 Setup Time (msec): 15
h(I):2.75
 g(n)= 1.0 h(n)=2.0
 g(n)= 2.0 h(n)=1.25
 g(n)= 4.0 h(n)=0.875
Problem Solved

Found Plan:
0.0: (buy_g0_m0)
1.0: (travel_m0_m1)
2.0: (sell_g0_m1)
3.0: (buy_g0_m1)
4.0: (sell_g0_m1)

Plan-Length:5
Metric (Search):5.0
Planning Time (msec): 63
Heuristic Time (msec): 51
Search Time (msec): 61
Expanded Nodes:6
States Evaluated:60
Number of Dead-Ends detected:0
Number of Duplicates detected:5

=== SINGLE_AGENT camel2 SOLVED_SATISFICING ===
Domain parsed
Problem parsed
Grounding..
Grounding Time: 118
Aibr Preprocessing
UFX:false
|F|:11
|X|:74
|A|:243
|P|:0
|E|:0
H1 Setup Time (msec): 11
h(I):2.75
 g(n)= 1.0 h(n)=2.0
 g(n)= 2.0 h(n)=1.25
 g(n)= 4.0 h(n)=0.875
Problem Solved

Found Plan:
0.0: (buy_g0_m0)
1.0: (travel_m0_m1)
2.0: (sell_g0_m1)
3.0: (buy_g0_m1)
4.0: (sell_g0_m1)

Plan-Length:5
Metric (Search):5.0
Planning Time (msec): 76
Heuristic Time (msec): 60
Search Time (msec): 73
Expanded Nodes:6
States Evaluated:60
Number of Dead-Ends detected:0
Number of Duplicates detected:5

=== SINGLE_AGENT camel3 SOLVED_SATISFICING ===
Domain parsed
Problem parsed
Grounding..
Grounding Time: 106
Aibr Preprocessing
UFX:false
|F|:11
|X|:74
|A|:243
|P|:0
|E|:0
H1 Setup Time (msec): 11
h(I):2.75
 g(n)= 1.0 h(n)=2.0
 g(n)= 2.0 h(n)=1.25
 g(n)= 4.0 h(n)=0.875
Problem Solved

Found Plan:
0.0: (buy_g0_m0)
1.0: (travel_m0_m1)
2.0: (sell_g0_m1)
3.0: (buy_g0_m1)
4.0: (sell_g0_m1)

Plan-Length:5
Metric (Search):5.0
Planning Time (msec): 65
Heuristic Time (msec): 52
Search Time (msec): 62
Expanded Nodes:6
States Evaluated:60
Number of Dead-Ends detected:0
Number of Duplicates detected:5

=== ROBUSTNESS UNSOLVABLE_PROVEN ===
Domain parsed
Problem parsed
Grounding..
Grounding Time: 11381
Aibr Preprocessing
Problem Detected as Unsolvable by AIBR during preprocessing
UFX:false
|F|:1076
|X|:394
Unsolvable Problem
