=== CASE ===
domain: numeric_markettrader
instance_file: pfile3.json
has_social_law: False
problem_name: market_trader_/home/ym/Documents/GitHub/up_social_laws_experimentation/experimentation/instances/numeric_markettrader/pfile3
verifier: general

=== SINGLE_AGENT camel0 SOLVED_SATISFICING ===
Domain parsed
Problem parsed
Grounding..
Grounding Time: 30
Aibr Preprocessing
UFX:false
|F|:4
|X|:7
|A|:21
|P|:0
|E|:0
H1 Setup Time (msec): 10
h(I):3.2857141
 g(n)= 2.0 h(n)=3.142857
 g(n)= 3.0 h(n)=2.2857144
 g(n)= 4.0 h(n)=2.2857141
 g(n)= 5.0 h(n)=1.8571428
 g(n)= 7.0 h(n)=1.4285715
 g(n)= 9.0 h(n)=1.0
Problem Solved

Found Plan:
0.0: (travel_m3_m0)
1.0: (buy_g0_m0)
2.0: (travel_m0_m3)
3.0: (sell_g0_m3)
4.0: (buy_g0_m3)
5.0: (sell_g0_m3)
6.0: (buy_g0_m3)
7.0: (sell_g0_m3)
8.0: (buy_g0_m3)
9.0: (sell_g0_m3)

Plan-Length:10
Metric (Search):10.0
Planning Time (msec): 22
Heuristic Time (msec): 8
Search Time (msec): 20
Expanded Nodes:11
States Evaluated:46
Number of Dead-Ends detected:5
Number of Duplicates detected:0

=== SINGLE_AGENT camel1 SOLVED_SATISFICING ===
Domain parsed
Problem parsed
Grounding..
Grounding Time: 19
Aibr Preprocessing
UFX:false
|F|:4
|X|:7
|A|:21
|P|:0
|E|:0
H1 Setup Time (msec): 11
h(I):3.25
 g(n)= 1.0 h(n)=3.0
 g(n)= 2.0 h(n)=2.142857
 g(n)= 4.0 h(n)=1.7142857
 g(n)= 6.0 h(n)=1.2857143
 g(n)= 8.0 h(n)=0.85714287
Problem Solved

Found Plan:
0.0: (buy_g0_m0)
1.0: (travel_m0_m3)
2.0: (sell_g0_m3)
3.0: (buy_g0_m3)
4.0: (sell_g0_m3)
5.0: (buy_g0_m3)
6.0: (sell_g0_m3)
7.0: (buy_g0_m3)
8.0: (sell_g0_m3)

Plan-Length:9
Metric (Search):9.0
Planning Time (msec): 35
Heuristic Time (msec): 16
Search Time (msec): 31
Expanded Nodes:10
States Evaluated:43
Number of Dead-Ends detected:4
Number of Duplicates detected:0

=== ROBUSTNESS UNSOLVABLE_PROVEN ===
Domain parsed
Problem parsed
Grounding..
Grounding Time: 239
Aibr Preprocessing
UFX:false
|F|:68
|X|:24
|A|:175
|P|:0
|E|:0
H1 Setup Time (msec): 28
h(I):12.0
 g(n)= 1.0 h(n)=11.0
 g(n)= 5.0 h(n)=3.0
Problem unsolvable
Metric (Search):-1.0
Planning Time (msec): 1899
Heuristic Time (msec): 1543
Search Time (msec): 0
Expanded Nodes:5391
States Evaluated:6804
Number of Dead-Ends detected:548
Number of Duplicates detected:24851
