=== CASE ===
domain: numeric_markettrader
instance_file: pfile1.json
has_social_law: False
problem_name: market_trader_/home/ym/Documents/GitHub/up_social_laws_experimentation/experimentation/instances/numeric_markettrader/pfile1
verifier: general

=== SINGLE_AGENT camel0 SOLVED_SATISFICING ===
Domain parsed
Problem parsed
Grounding..
Grounding Time: 20
Aibr Preprocessing
UFX:false
|F|:3
|X|:6
|A|:13
|P|:0
|E|:0
H1 Setup Time (msec): 12
h(I):3.0
 g(n)= 2.0 h(n)=2.5714285
 g(n)= 3.0 h(n)=1.7142857
 g(n)= 5.0 h(n)=1.4285715
 g(n)= 7.0 h(n)=1.1428572
 g(n)= 9.0 h(n)=0.85714287
Problem Solved

Found Plan:
0.0: (travel_m1_m0)
1.0: (buy_g0_m0)
2.0: (travel_m0_m2)
3.0: (sell_g0_m2)
4.0: (buy_g0_m2)
5.0: (sell_g0_m2)
6.0: (buy_g0_m2)
7.0: (sell_g0_m2)
8.0: (buy_g0_m2)
9.0: (sell_g0_m2)

Plan-Length:10
Metric (Search):10.0
Planning Time (msec): 30
Heuristic Time (msec): 18
Search Time (msec): 26
Expanded Nodes:11
States Evaluated:35
Number of Dead-Ends detected:5
Number of Duplicates detected:1

=== SINGLE_AGENT camel1 SOLVED_SATISFICING ===
Domain parsed
Problem parsed
Grounding..
Grounding Time: 18
Aibr Preprocessing
UFX:false
|F|:3
|X|:6
|A|:13
|P|:0
|E|:0
H1 Setup Time (msec): 12
h(I):3.0
 g(n)= 3.0 h(n)=2.7142859
 g(n)= 4.0 h(n)=1.8571428
 g(n)= 6.0 h(n)=1.5714285
 g(n)= 8.0 h(n)=1.2857143
 g(n)= 10.0 h(n)=1.0
Problem Solved

Found Plan:
0.0: (travel_m2_m1)
1.0: (travel_m1_m0)
2.0: (buy_g0_m0)
3.0: (travel_m0_m2)
4.0: (sell_g0_m2)
5.0: (buy_g0_m2)
6.0: (sell_g0_m2)
7.0: (buy_g0_m2)
8.0: (sell_g0_m2)
9.0: (buy_g0_m2)
10.0: (sell_g0_m2)

Plan-Length:11
Metric (Search):11.0
Planning Time (msec): 28
Heuristic Time (msec): 9
Search Time (msec): 24
Expanded Nodes:12
States Evaluated:36
Number of Dead-Ends detected:6
Number of Duplicates detected:2

=== ROBUSTNESS UNSOLVABLE_PROVEN ===
Domain parsed
Problem parsed
Grounding..
Grounding Time: 210
Aibr Preprocessing
UFX:false
|F|:48
|X|:21
|A|:107
|P|:0
|E|:0
H1 Setup Time (msec): 18
h(I):10.0
 g(n)= 1.0 h(n)=9.0
 g(n)= 6.0 h(n)=3.0
Problem unsolvable
Metric (Search):-1.0
Planning Time (msec): 1344
Heuristic Time (msec): 1038
Search Time (msec): 0
Expanded Nodes:6713
States Evaluated:8171
Number of Dead-Ends detected:737
Number of Duplicates detected:29408
