=== CASE ===
domain: numeric_markettrader
instance_file: pfile17.json
has_social_law: False
problem_name: market_trader_/home/ym/Documents/GitHub/up_social_laws_experimentation/experimentation/instances/numeric_markettrader/pfile17
verifier: general

=== SINGLE_AGENT camel0 SOLVED_SATISFICING ===
Domain parsed
Problem parsed
Grounding..
Grounding Time: 131
Aibr Preprocessing
UFX:false
|F|:11
|X|:74
|A|:243
|P|:0
|E|:0
H1 Setup Time (msec): 18
h(I):2.75
 g(n)= 1.0 h(n)=2.0
 g(n)= 2.0 h(n)=1.25
 g(n)= 4.0 h(n)=0.875
Problem Solved

Found Plan:
0.0: (buy_g0_m0)
1.0: (travel_m0_m2)
2.0: (sell_g0_m2)
3.0: (buy_g0_m2)
4.0: (sell_g0_m2)

Plan-Length:5
Metric (Search):5.0
Planning Time (msec): 81
Heuristic Time (msec): 67
Search Time (msec): 78
Expanded Nodes:6
States Evaluated:64
Number of Dead-Ends detected:1
Number of Duplicates detected:0

=== SINGLE_AGENT camel1 SOLVED_SATISFICING ===
Domain parsed
Problem parsed
Grounding..
Grounding Time: 123
Aibr Preprocessing
UFX:false
|F|:11
|X|:74
|A|:243
|P|:0
|E|:0
H1 Setup Time (msec): 15
h(I):2.75
 g(n)= 1.0 h(n)=2.0
 g(n)= 2.0 h(n)=1.25
 g(n)= 4.0 h(n)=0.875
Problem Solved

Found Plan:
0.0: (buy_g0_m0)
1.0: (travel_m0_m2)
2.0: (sell_g0_m2)
3.0: (buy_g0_m2)
4.0: (sell_g0_m2)

Plan-Length:5
Metric (Search):5.0
Planning Time (msec): 65
Heuristic Time (msec): 50
Search Time (msec): 63
Expanded Nodes:6
States Evaluated:64
Number of Dead-Ends detected:1
Number of Duplicates detected:0

=== SINGLE_AGENT camel2 SOLVED_SATISFICING ===
Domain parsed
Problem parsed
Grounding..
Grounding Time: 152
Aibr Preprocessing
UFX:false
|F|:11
|X|:74
|A|:243
|P|:0
|E|:0
H1 Setup Time (msec): 16
h(I):2.75
 g(n)= 1.0 h(n)=2.0
 g(n)= 2.0 h(n)=1.25
 g(n)= 4.0 h(n)=0.875
Problem Solved

Found Plan:
0.0: (buy_g0_m0)
1.0: (travel_m0_m2)
2.0: (sell_g0_m2)
3.0: (buy_g0_m2)
4.0: (sell_g0_m2)

Plan-Length:5
Metric (Search):5.0
Planning Time (msec): 49
Heuristic Time (msec): 39
Search Time (msec): 47
Expanded Nodes:6
States Evaluated:64
Number of Dead-Ends detected:1
Number of Duplicates detected:0

=== SINGLE_AGENT camel3 SOLVED_SATISFICING ===
Domain parsed
Problem parsed
Grounding..
Grounding Time: 88
Aibr Preprocessing
UFX:false
|F|:11
|X|:74
|A|:243
|P|:0
|E|:0
H1 Setup Time (msec): 15
h(I):2.75
 g(n)= 1.0 h(n)=2.0
 g(n)= 2.0 h(n)=1.25
 g(n)= 4.0 h(n)=0.875
Problem Solved

Found Plan:
0.0: (buy_g0_m0)
1.0: (travel_m0_m2)
2.0: (sell_g0_m2)
3.0: (buy_g0_m2)
4.0: (sell_g0_m2)

Plan-Length:5
Metric (Search):5.0
Planning Time (msec): 68
Heuristic Time (msec): 56
Search Time (msec): 65
Expanded Nodes:6
States Evaluated:64
Number of Dead-Ends detected:1
Number of Duplicates detected:0

=== ROBUSTNESS UNSOLVABLE_PROVEN ===
Domain parsed
Problem parsed
Grounding..
Grounding Time: 9532
Aibr Preprocessing
Problem Detected as Unsolvable by AIBR during preprocessing
UFX:false
|F|:1076
|X|:394
Unsolvable Problem
