=== CASE ===
domain: numeric_markettrader
instance_file: pfile2.json
has_social_law: False
problem_name: market_trader_/home/ym/Documents/GitHub/up_social_laws_experimentation/experimentation/instances/numeric_markettrader/pfile2
verifier: general

=== SINGLE_AGENT camel0 SOLVED_SATISFICING ===
Domain parsed
Problem parsed
Grounding..
Grounding Time: 18
Aibr Preprocessing
UFX:false
|F|:3
|X|:4
|A|:11
|P|:0
|E|:0
H1 Setup Time (msec): 7
h(I):2.0
 g(n)= 1.0 h(n)=1.4285715
 g(n)= 2.0 h(n)=0.5714286
Problem Solved

Found Plan:
0.0: (buy_g0_m0)
1.0: (travel_m0_m1)
2.0: (sell_g0_m1)

Plan-Length:3
Metric (Search):3.0
Planning Time (msec): 13
Heuristic Time (msec): 6
Search Time (msec): 11
Expanded Nodes:4
States Evaluated:9
Number of Dead-Ends detected:1
Number of Duplicates detected:0

=== SINGLE_AGENT camel1 SOLVED_SATISFICING ===
Domain parsed
Problem parsed
Grounding..
Grounding Time: 14
Aibr Preprocessing
UFX:false
|F|:3
|X|:4
|A|:11
|P|:0
|E|:0
H1 Setup Time (msec): 7
h(I):2.0
 g(n)= 1.0 h(n)=1.4285715
 g(n)= 2.0 h(n)=0.5714286
Problem Solved

Found Plan:
0.0: (buy_g0_m0)
1.0: (travel_m0_m1)
2.0: (sell_g0_m1)

Plan-Length:3
Metric (Search):3.0
Planning Time (msec): 13
Heuristic Time (msec): 4
Search Time (msec): 10
Expanded Nodes:4
States Evaluated:9
Number of Dead-Ends detected:1
Number of Duplicates detected:0

=== ROBUSTNESS SOLVED_SATISFICING ===
Domain parsed
Problem parsed
Grounding..
Grounding Time: 127
Aibr Preprocessing
UFX:false
|F|:44
|X|:15
|A|:97
|P|:0
|E|:0
H1 Setup Time (msec): 20
h(I):6.0
 g(n)= 1.0 h(n)=5.4285717
 g(n)= 2.0 h(n)=4.5714283
 g(n)= 3.0 h(n)=4.0
 g(n)= 4.0 h(n)=3.5
 g(n)= 5.0 h(n)=2.4285715
 g(n)= 6.0 h(n)=1.5714285
 g(n)= 7.0 h(n)=1.0
Problem Solved

Found Plan:
0.0: (s_ra___camel0__buy_g0_m0)
1.0: (s_ra___camel0__travel_m0_m1)
2.0: (s_ra___camel0__sell_g0_m1)
3.0: (f_ra_3__camel1__buy_g0_m0)
4.0: (camel1_take_turn)
5.0: (l_ra__camel1__travel_m0_m1)
6.0: (l_ra__camel1__sell_g0_m1)
7.0: (goals_not_achieved_camel1_0)

Plan-Length:8
Metric (Search):8.0
Planning Time (msec): 48
Heuristic Time (msec): 27
Search Time (msec): 43
Expanded Nodes:9
States Evaluated:38
Number of Dead-Ends detected:3
Number of Duplicates detected:1
