=== CASE ===
domain: numeric_markettrader
instance_file: pfile3.json
has_social_law: False
problem_name: market_trader_/home/ym/Documents/GitHub/up_social_laws_experimentation/experimentation/instances/numeric_markettrader/pfile3
verifier: general

=== SINGLE_AGENT camel0 SOLVED_SATISFICING ===
Domain parsed
Problem parsed
Grounding..
Grounding Time: 19
Aibr Preprocessing
UFX:false
|F|:4
|X|:4
|A|:18
|P|:0
|E|:0
H1 Setup Time (msec): 7
h(I):2.0
 g(n)= 1.0 h(n)=1.5
 g(n)= 2.0 h(n)=0.8
Problem Solved

Found Plan:
0.0: (buy_g0_m0)
1.0: (travel_m0_m2)
2.0: (sell_g0_m2)

Plan-Length:3
Metric (Search):3.0
Planning Time (msec): 16
Heuristic Time (msec): 5
Search Time (msec): 13
Expanded Nodes:4
States Evaluated:11
Number of Dead-Ends detected:1
Number of Duplicates detected:1

=== SINGLE_AGENT camel1 SOLVED_SATISFICING ===
Domain parsed
Problem parsed
Grounding..
Grounding Time: 15
Aibr Preprocessing
UFX:false
|F|:4
|X|:4
|A|:18
|P|:0
|E|:0
H1 Setup Time (msec): 7
h(I):2.0
 g(n)= 1.0 h(n)=1.5
 g(n)= 2.0 h(n)=0.8
Problem Solved

Found Plan:
0.0: (buy_g0_m0)
1.0: (travel_m0_m2)
2.0: (sell_g0_m2)

Plan-Length:3
Metric (Search):3.0
Planning Time (msec): 17
Heuristic Time (msec): 7
Search Time (msec): 14
Expanded Nodes:4
States Evaluated:11
Number of Dead-Ends detected:1
Number of Duplicates detected:1

=== ROBUSTNESS SOLVED_SATISFICING ===
Domain parsed
Problem parsed
Grounding..
Grounding Time: 774
Aibr Preprocessing
UFX:false
|F|:62
|X|:15
|A|:153
|P|:0
|E|:0
H1 Setup Time (msec): 45
h(I):6.0
 g(n)= 1.0 h(n)=5.5
 g(n)= 2.0 h(n)=4.8
 g(n)= 3.0 h(n)=4.0
 g(n)= 4.0 h(n)=3.5
 g(n)= 5.0 h(n)=2.5
 g(n)= 6.0 h(n)=1.8
 g(n)= 7.0 h(n)=1.0
Problem Solved

Found Plan:
0.0: (s_ra___camel0__buy_g0_m0)
1.0: (s_ra___camel0__travel_m0_m2)
2.0: (s_ra___camel0__sell_g0_m2)
3.0: (f_ra_3__camel1__buy_g0_m0)
4.0: (camel1_take_turn)
5.0: (l_ra__camel1__travel_m0_m2)
6.0: (l_ra__camel1__sell_g0_m2)
7.0: (goals_not_achieved_camel1_0)

Plan-Length:8
Metric (Search):8.0
Planning Time (msec): 168
Heuristic Time (msec): 103
Search Time (msec): 160
Expanded Nodes:9
States Evaluated:45
Number of Dead-Ends detected:6
Number of Duplicates detected:3
