=== CASE ===
domain: numeric_markettrader
instance_file: pfile5.json
has_social_law: False
problem_name: market_trader_/home/ym/Documents/GitHub/up_social_laws_experimentation/experimentation/instances/numeric_markettrader/pfile5
verifier: general

=== SINGLE_AGENT camel0 SOLVED_SATISFICING ===
Domain parsed
Problem parsed
Grounding..
Grounding Time: 42
Aibr Preprocessing
UFX:false
|F|:5
|X|:6
|A|:33
|P|:0
|E|:0
H1 Setup Time (msec): 11
h(I):2.0
 g(n)= 1.0 h(n)=1.5714285
 g(n)= 2.0 h(n)=0.71428573
Problem Solved

Found Plan:
0.0: (buy_g0_m0)
1.0: (travel_m0_m2)
2.0: (sell_g0_m2)

Plan-Length:3
Metric (Search):3.0
Planning Time (msec): 24
Heuristic Time (msec): 9
Search Time (msec): 20
Expanded Nodes:4
States Evaluated:17
Number of Dead-Ends detected:0
Number of Duplicates detected:0

=== SINGLE_AGENT camel1 SOLVED_SATISFICING ===
Domain parsed
Problem parsed
Grounding..
Grounding Time: 30
Aibr Preprocessing
UFX:false
|F|:5
|X|:6
|A|:33
|P|:0
|E|:0
H1 Setup Time (msec): 14
h(I):2.0
 g(n)= 1.0 h(n)=1.5714285
 g(n)= 2.0 h(n)=0.71428573
Problem Solved

Found Plan:
0.0: (buy_g0_m0)
1.0: (travel_m0_m2)
2.0: (sell_g0_m2)

Plan-Length:3
Metric (Search):3.0
Planning Time (msec): 34
Heuristic Time (msec): 17
Search Time (msec): 29
Expanded Nodes:4
States Evaluated:17
Number of Dead-Ends detected:0
Number of Duplicates detected:0

=== ROBUSTNESS SOLVED_SATISFICING ===
Domain parsed
Problem parsed
Grounding..
Grounding Time: 628
Aibr Preprocessing
UFX:false
|F|:96
|X|:22
|A|:277
|P|:0
|E|:0
H1 Setup Time (msec): 31
h(I):7.0
 g(n)= 1.0 h(n)=5.5714283
 g(n)= 2.0 h(n)=4.714286
 g(n)= 3.0 h(n)=4.285714
 g(n)= 4.0 h(n)=3.4285715
 g(n)= 5.0 h(n)=2.7142859
 g(n)= 7.0 h(n)=2.5
 g(n)= 8.0 h(n)=2.0
 g(n)= 14.0 h(n)=1.0
Problem Solved

Found Plan:
0.0: (s_ra___camel0__buy_g0_m0)
1.0: (s_ra___camel0__travel_m0_m2)
2.0: (s_ra___camel1__buy_g0_m0)
3.0: (s_ra___camel1__travel_m0_m2)
4.0: (s_ra___camel0__sell_g0_m2)
5.0: (s_ra___camel0__travel_m2_m0)
6.0: (s_ra___camel1__sell_g0_m2)
7.0: (s_ra___camel0__buy_g0_m0)
8.0: (s_ra___camel0__travel_m0_m2)
9.0: (s_ra___camel1__travel_m2_m4)
10.0: (s_ra___camel1__travel_m4_m0)
11.0: (s_ra___camel0__sell_g0_m2)
12.0: (s_ra___camel0__travel_m2_m0)
13.0: (f_ra_3__camel0__buy_g0_m0)
14.0: (declare_fail)

Plan-Length:15
Metric (Search):15.0
Planning Time (msec): 358
Heuristic Time (msec): 305
Search Time (msec): 352
Expanded Nodes:33
States Evaluated:260
Number of Dead-Ends detected:40
Number of Duplicates detected:45
