=== CASE ===
domain: numeric_markettrader
instance_file: pfile4.json
has_social_law: False
problem_name: market_trader_/home/ym/Documents/GitHub/up_social_laws_experimentation/experimentation/instances/numeric_markettrader/pfile4
verifier: general

=== SINGLE_AGENT camel0 SOLVED_SATISFICING ===
Domain parsed
Problem parsed
Grounding..
Grounding Time: 35
Aibr Preprocessing
UFX:false
|F|:4
|X|:6
|A|:23
|P|:0
|E|:0
H1 Setup Time (msec): 8
h(I):2.0
 g(n)= 1.0 h(n)=1.6666667
 g(n)= 2.0 h(n)=0.8333333
Problem Solved

Found Plan:
0.0: (buy_g0_m0)
1.0: (travel_m0_m2)
2.0: (sell_g0_m2)

Plan-Length:3
Metric (Search):3.0
Planning Time (msec): 17
Heuristic Time (msec): 8
Search Time (msec): 15
Expanded Nodes:4
States Evaluated:14
Number of Dead-Ends detected:0
Number of Duplicates detected:0

=== SINGLE_AGENT camel1 SOLVED_SATISFICING ===
Domain parsed
Problem parsed
Grounding..
Grounding Time: 28
Aibr Preprocessing
UFX:false
|F|:4
|X|:6
|A|:23
|P|:0
|E|:0
H1 Setup Time (msec): 10
h(I):2.0
 g(n)= 1.0 h(n)=1.6666667
 g(n)= 2.0 h(n)=0.8333333
Problem Solved

Found Plan:
0.0: (buy_g0_m0)
1.0: (travel_m0_m2)
2.0: (sell_g0_m2)

Plan-Length:3
Metric (Search):3.0
Planning Time (msec): 20
Heuristic Time (msec): 9
Search Time (msec): 18
Expanded Nodes:4
States Evaluated:14
Number of Dead-Ends detected:0
Number of Duplicates detected:0

=== ROBUSTNESS SOLVED_SATISFICING ===
Domain parsed
Problem parsed
Grounding..
Grounding Time: 349
Aibr Preprocessing
UFX:false
|F|:72
|X|:22
|A|:197
|P|:0
|E|:0
H1 Setup Time (msec): 19
h(I):7.0
 g(n)= 1.0 h(n)=5.666667
 g(n)= 2.0 h(n)=4.833333
 g(n)= 3.0 h(n)=4.0
 g(n)= 4.0 h(n)=3.6666667
 g(n)= 5.0 h(n)=2.8333333
 g(n)= 7.0 h(n)=2.0
 g(n)= 10.0 h(n)=1.0
Problem Solved

Found Plan:
0.0: (s_ra___camel1__buy_g0_m0)
1.0: (s_ra___camel1__travel_m0_m2)
2.0: (s_ra___camel1__sell_g0_m2)
3.0: (s_ra___camel0__buy_g0_m0)
4.0: (s_ra___camel0__travel_m0_m2)
5.0: (s_ra___camel1__travel_m2_m0)
6.0: (s_ra___camel0__sell_g0_m2)
7.0: (s_ra___camel0__travel_m2_m0)
8.0: (f_ra_3__camel0__buy_g0_m0)
9.0: (l_ra__camel0__sell_g0_m0)
10.0: (declare_fail)

Plan-Length:11
Metric (Search):11.0
Planning Time (msec): 138
Heuristic Time (msec): 108
Search Time (msec): 133
Expanded Nodes:12
States Evaluated:84
Number of Dead-Ends detected:9
Number of Duplicates detected:0
